[2020-01-20 14:22:26,816] {taskinstance.py:655} INFO - Dependencies all met for <TaskInstance: process_replies.send_replies 2020-01-20T01:50:00+00:00 [queued]>
[2020-01-20 14:22:26,822] {taskinstance.py:655} INFO - Dependencies all met for <TaskInstance: process_replies.send_replies 2020-01-20T01:50:00+00:00 [queued]>
[2020-01-20 14:22:26,822] {taskinstance.py:866} INFO - 
--------------------------------------------------------------------------------
[2020-01-20 14:22:26,822] {taskinstance.py:867} INFO - Starting attempt 1 of 1
[2020-01-20 14:22:26,822] {taskinstance.py:868} INFO - 
--------------------------------------------------------------------------------
[2020-01-20 14:22:26,828] {taskinstance.py:887} INFO - Executing <Task(PythonOperator): send_replies> on 2020-01-20T01:50:00+00:00
[2020-01-20 14:22:26,830] {standard_task_runner.py:52} INFO - Started process 6041 to run task
[2020-01-20 14:22:26,869] {logging_mixin.py:112} INFO - [2020-01-20 14:22:26,868] {dagbag.py:403} INFO - Filling up the DagBag from /Users/aneeshmakala/Documents/ComputerScience/datascience/hapPy/airflow/dags/process_replies.py
[2020-01-20 14:22:26,886] {logging_mixin.py:112} INFO - Running %s on host %s <TaskInstance: process_replies.send_replies 2020-01-20T01:50:00+00:00 [running]> 1.0.0.0.0.0.0.0.0.0.0.0.0.0.0.0.0.0.0.0.0.0.0.0.0.0.0.0.0.0.0.0.ip6.arpa
[2020-01-20 14:22:26,904] {python_operator.py:105} INFO - Exporting the following env vars:
AIRFLOW_CTX_DAG_EMAIL=makalaaneesh18@mail.com
AIRFLOW_CTX_DAG_OWNER=me
AIRFLOW_CTX_DAG_ID=process_replies
AIRFLOW_CTX_TASK_ID=send_replies
AIRFLOW_CTX_EXECUTION_DATE=2020-01-20T01:50:00+00:00
AIRFLOW_CTX_DAG_RUN_ID=scheduled__2020-01-20T01:50:00+00:00
[2020-01-20 14:22:26,910] {logging_mixin.py:112} INFO - [2020-01-20 14:22:26,909] {base_hook.py:84} INFO - Using connection to: id: mongo_default. Host: 127.0.0.1, Port: 27017, Schema: None, Login: None, Password: None, extra: None
[2020-01-20 14:22:26,922] {logging_mixin.py:112} INFO - {'_id': '1218913973694881793', 'text': "@Geeky_Sheek life hasn't shown me that is how things work. Not simply my life, just life and the world in general.… https://t.co/SGcOjLFHmt", 'reply': 'Sometimes, life will kick you around, but sooner or later, you realize you’re not just a survivor. You’re a warrior, and you’re stronger than anything life throws your way. - Brooke Davis #MentalHealth #MentalHealthAwareness'}
[2020-01-20 14:22:26,922] {logging_mixin.py:112} INFO - {'_id': '1218914065814302725', 'text': "@MollyJongFast I can't help but be curious about her college life. I assume she found like-minded roommates. What's her major?", 'reply': 'Sometimes, life will kick you around, but sooner or later, you realize you’re not just a survivor. You’re a warrior, and you’re stronger than anything life throws your way. - Brooke Davis #MentalHealth #MentalHealthAwareness'}
[2020-01-20 14:22:26,922] {logging_mixin.py:112} INFO - {'_id': '1218914074664280064', 'text': 'I FOUND MY MOM!!! After 44 years of separation due to the cult ‘Jehovah’s Witnesses’, we’re reunited! 😍🤩 \nHappiest… https://t.co/WD0q4VRPwx', 'reply': 'Sometimes, life will kick you around, but sooner or later, you realize you’re not just a survivor. You’re a warrior, and you’re stronger than anything life throws your way. - Brooke Davis #MentalHealth #MentalHealthAwareness'}
[2020-01-20 14:22:26,923] {logging_mixin.py:112} INFO - {'_id': '1218913909995966464', 'text': 'Soul here in Center:Plato’s 5th Element,quintessencia?\n\n“it doesn’t see joy&amp;sorrow as two different feelings”\n\n❤️to… https://t.co/CYzN9v56k2', 'reply': 'Sometimes, life will kick you around, but sooner or later, you realize you’re not just a survivor. You’re a warrior, and you’re stronger than anything life throws your way. - Brooke Davis #MentalHealth #MentalHealthAwareness'}
[2020-01-20 14:22:26,923] {logging_mixin.py:112} INFO - {'_id': '1219170467832926208', 'text': '@JohnBirmingham Never lived in Canberra. But lived in Brisbane 20yrs, and SEQ all my life. We get hail. We get BIG… https://t.co/K7KXQa5oY9', 'reply': 'Sometimes, life will kick you around, but sooner or later, you realize you’re not just a survivor. You’re a warrior, and you’re stronger than anything life throws your way. - Brooke Davis #MentalHealth #MentalHealthAwareness'}
[2020-01-20 14:22:26,923] {logging_mixin.py:112} INFO - [2020-01-20 14:22:26,923] {tweet_reply.py:39} INFO - Inserting replies in tweet_replies collection
[2020-01-20 14:22:26,926] {logging_mixin.py:112} INFO - [2020-01-20 14:22:26,925] {tweet_reply.py:24} INFO - deleting tweets from tweets collection
[2020-01-20 14:22:26,927] {logging_mixin.py:112} INFO - [2020-01-20 14:22:26,927] {tweet_reply.py:35} INFO - Succesfully deleted 5 docs
[2020-01-20 14:22:26,927] {python_operator.py:114} INFO - Done. Returned value was: None
[2020-01-20 14:22:36,827] {logging_mixin.py:112} INFO - [2020-01-20 14:22:36,827] {local_task_job.py:103} INFO - Task exited with return code 0
