[2020-01-20 16:13:41,212] {taskinstance.py:655} INFO - Dependencies all met for <TaskInstance: process_replies.send_replies 2020-01-20T10:30:00+00:00 [queued]>
[2020-01-20 16:13:41,220] {taskinstance.py:655} INFO - Dependencies all met for <TaskInstance: process_replies.send_replies 2020-01-20T10:30:00+00:00 [queued]>
[2020-01-20 16:13:41,220] {taskinstance.py:866} INFO - 
--------------------------------------------------------------------------------
[2020-01-20 16:13:41,220] {taskinstance.py:867} INFO - Starting attempt 1 of 1
[2020-01-20 16:13:41,221] {taskinstance.py:868} INFO - 
--------------------------------------------------------------------------------
[2020-01-20 16:13:41,226] {taskinstance.py:887} INFO - Executing <Task(PythonOperator): send_replies> on 2020-01-20T10:30:00+00:00
[2020-01-20 16:13:41,228] {standard_task_runner.py:52} INFO - Started process 10530 to run task
[2020-01-20 16:13:41,269] {logging_mixin.py:112} INFO - [2020-01-20 16:13:41,268] {dagbag.py:403} INFO - Filling up the DagBag from /Users/aneeshmakala/Documents/ComputerScience/datascience/hapPy/airflow/dags/process_replies.py
[2020-01-20 16:13:41,291] {logging_mixin.py:112} INFO - Running %s on host %s <TaskInstance: process_replies.send_replies 2020-01-20T10:30:00+00:00 [running]> 1.0.0.0.0.0.0.0.0.0.0.0.0.0.0.0.0.0.0.0.0.0.0.0.0.0.0.0.0.0.0.0.ip6.arpa
[2020-01-20 16:13:41,307] {python_operator.py:105} INFO - Exporting the following env vars:
AIRFLOW_CTX_DAG_EMAIL=makalaaneesh18@mail.com
AIRFLOW_CTX_DAG_OWNER=me
AIRFLOW_CTX_DAG_ID=process_replies
AIRFLOW_CTX_TASK_ID=send_replies
AIRFLOW_CTX_EXECUTION_DATE=2020-01-20T10:30:00+00:00
AIRFLOW_CTX_DAG_RUN_ID=scheduled__2020-01-20T10:30:00+00:00
[2020-01-20 16:13:41,312] {logging_mixin.py:112} INFO - [2020-01-20 16:13:41,312] {base_hook.py:84} INFO - Using connection to: id: mongo_default. Host: 127.0.0.1, Port: 27017, Schema: None, Login: None, Password: None, extra: None
[2020-01-20 16:13:41,326] {logging_mixin.py:112} INFO - {'_id': '1219186192559767552', 'text': 'When you have something you want to do in your life: Just fucking do it. Don’t second guess yourself, don’t overthi… https://t.co/aKDpeg6vtS', 'reply': 'Sometimes, life will kick you around, but sooner or later, you realize you’re not just a survivor. You’re a warrior, and you’re stronger than anything life throws your way. - Brooke Davis #MentalHealth #MentalHealthAwareness'}
[2020-01-20 16:13:41,326] {logging_mixin.py:112} INFO - {'_id': '1219186207302791168', 'text': '@NariFluff I wanted to suicide so I suppose "no life" at all', 'reply': 'Sometimes, life will kick you around, but sooner or later, you realize you’re not just a survivor. You’re a warrior, and you’re stronger than anything life throws your way. - Brooke Davis #MentalHealth #MentalHealthAwareness'}
[2020-01-20 16:13:41,326] {logging_mixin.py:112} INFO - {'_id': '1219195974305771520', 'text': 'I hate my fucking life!', 'reply': 'Sometimes, life will kick you around, but sooner or later, you realize you’re not just a survivor. You’re a warrior, and you’re stronger than anything life throws your way. - Brooke Davis #MentalHealth #MentalHealthAwareness'}
[2020-01-20 16:13:41,327] {logging_mixin.py:112} INFO - {'_id': '1219186199677374464', 'text': '@Charanjitsingh3 @DubeyPratit @ColorsTV @justvoot @Vivo_India @BeingSalmanKhan U already don’t have a life we understand 🤣🤣🤣', 'reply': 'Sometimes, life will kick you around, but sooner or later, you realize you’re not just a survivor. You’re a warrior, and you’re stronger than anything life throws your way. - Brooke Davis #MentalHealth #MentalHealthAwareness'}
[2020-01-20 16:13:41,327] {logging_mixin.py:112} INFO - {'_id': '1219194685933150210', 'text': 'and this MY LIFE don’t give a FUCK ABOUT NO “DISS!', 'reply': 'Sometimes, life will kick you around, but sooner or later, you realize you’re not just a survivor. You’re a warrior, and you’re stronger than anything life throws your way. - Brooke Davis #MentalHealth #MentalHealthAwareness'}
[2020-01-20 16:13:41,327] {logging_mixin.py:112} INFO - [2020-01-20 16:13:41,327] {tweet_reply.py:39} INFO - Inserting replies in tweet_replies collection
[2020-01-20 16:13:41,330] {logging_mixin.py:112} INFO - [2020-01-20 16:13:41,330] {tweet_reply.py:24} INFO - deleting tweets from tweets collection
[2020-01-20 16:13:41,332] {logging_mixin.py:112} INFO - [2020-01-20 16:13:41,331] {tweet_reply.py:35} INFO - Succesfully deleted 5 docs
[2020-01-20 16:13:41,332] {python_operator.py:114} INFO - Done. Returned value was: None
[2020-01-20 16:13:51,208] {logging_mixin.py:112} INFO - [2020-01-20 16:13:51,207] {local_task_job.py:103} INFO - Task exited with return code 0
