[2020-01-20 14:23:26,547] {taskinstance.py:655} INFO - Dependencies all met for <TaskInstance: process_replies.send_replies 2020-01-20T02:00:00+00:00 [queued]>
[2020-01-20 14:23:26,558] {taskinstance.py:655} INFO - Dependencies all met for <TaskInstance: process_replies.send_replies 2020-01-20T02:00:00+00:00 [queued]>
[2020-01-20 14:23:26,558] {taskinstance.py:866} INFO - 
--------------------------------------------------------------------------------
[2020-01-20 14:23:26,558] {taskinstance.py:867} INFO - Starting attempt 1 of 1
[2020-01-20 14:23:26,558] {taskinstance.py:868} INFO - 
--------------------------------------------------------------------------------
[2020-01-20 14:23:26,564] {taskinstance.py:887} INFO - Executing <Task(PythonOperator): send_replies> on 2020-01-20T02:00:00+00:00
[2020-01-20 14:23:26,566] {standard_task_runner.py:52} INFO - Started process 6093 to run task
[2020-01-20 14:23:26,605] {logging_mixin.py:112} INFO - [2020-01-20 14:23:26,604] {dagbag.py:403} INFO - Filling up the DagBag from /Users/aneeshmakala/Documents/ComputerScience/datascience/hapPy/airflow/dags/process_replies.py
[2020-01-20 14:23:26,622] {logging_mixin.py:112} INFO - Running %s on host %s <TaskInstance: process_replies.send_replies 2020-01-20T02:00:00+00:00 [running]> 1.0.0.0.0.0.0.0.0.0.0.0.0.0.0.0.0.0.0.0.0.0.0.0.0.0.0.0.0.0.0.0.ip6.arpa
[2020-01-20 14:23:26,635] {python_operator.py:105} INFO - Exporting the following env vars:
AIRFLOW_CTX_DAG_EMAIL=makalaaneesh18@mail.com
AIRFLOW_CTX_DAG_OWNER=me
AIRFLOW_CTX_DAG_ID=process_replies
AIRFLOW_CTX_TASK_ID=send_replies
AIRFLOW_CTX_EXECUTION_DATE=2020-01-20T02:00:00+00:00
AIRFLOW_CTX_DAG_RUN_ID=scheduled__2020-01-20T02:00:00+00:00
[2020-01-20 14:23:26,639] {logging_mixin.py:112} INFO - [2020-01-20 14:23:26,639] {base_hook.py:84} INFO - Using connection to: id: mongo_default. Host: 127.0.0.1, Port: 27017, Schema: None, Login: None, Password: None, extra: None
[2020-01-20 14:23:26,645] {logging_mixin.py:112} INFO - {'_id': '1219170465966587904', 'text': 'PMOIndia: We can add enthusiasm to every aspect of life. \n\nA temporary setback doesn’t mean success is not waiting.… https://t.co/Zd5ex4qXtg', 'reply': 'Sometimes, life will kick you around, but sooner or later, you realize you’re not just a survivor. You’re a warrior, and you’re stronger than anything life throws your way. - Brooke Davis #MentalHealth #MentalHealthAwareness'}
[2020-01-20 14:23:26,645] {logging_mixin.py:112} INFO - {'_id': '1218913932057989122', 'text': "Only KFANS SUCH A STUPID CRAZY THEY DON'T UNDERSTAND WHAT IS LOVE THATS WHY SO MANY CELEBRITY SUICIDE ITS BECAUSE K… https://t.co/bmbeyRnioD", 'reply': 'Sometimes, life will kick you around, but sooner or later, you realize you’re not just a survivor. You’re a warrior, and you’re stronger than anything life throws your way. - Brooke Davis #MentalHealth #MentalHealthAwareness'}
[2020-01-20 14:23:26,646] {logging_mixin.py:112} INFO - {'_id': '1218913985463898114', 'text': 'because it’s related a lot to my love life😔😔😔', 'reply': 'Sometimes, life will kick you around, but sooner or later, you realize you’re not just a survivor. You’re a warrior, and you’re stronger than anything life throws your way. - Brooke Davis #MentalHealth #MentalHealthAwareness'}
[2020-01-20 14:23:26,646] {logging_mixin.py:112} INFO - {'_id': '1218914017428664320', 'text': 'Want oneeee', 'reply': 'Sometimes, life will kick you around, but sooner or later, you realize you’re not just a survivor. You’re a warrior, and you’re stronger than anything life throws your way. - Brooke Davis #MentalHealth #MentalHealthAwareness'}
[2020-01-20 14:23:26,646] {logging_mixin.py:112} INFO - {'_id': '1218913978828644353', 'text': "i dont think i've ever laughed do more over an instagram post in my life (via: @pagingmerlex (karev method on ig)) https://t.co/NrIMMR3Ip6", 'reply': 'Sometimes, life will kick you around, but sooner or later, you realize you’re not just a survivor. You’re a warrior, and you’re stronger than anything life throws your way. - Brooke Davis #MentalHealth #MentalHealthAwareness'}
[2020-01-20 14:23:26,646] {logging_mixin.py:112} INFO - [2020-01-20 14:23:26,646] {tweet_reply.py:39} INFO - Inserting replies in tweet_replies collection
[2020-01-20 14:23:26,649] {logging_mixin.py:112} INFO - [2020-01-20 14:23:26,648] {tweet_reply.py:24} INFO - deleting tweets from tweets collection
[2020-01-20 14:23:26,650] {logging_mixin.py:112} INFO - [2020-01-20 14:23:26,650] {tweet_reply.py:35} INFO - Succesfully deleted 5 docs
[2020-01-20 14:23:26,650] {python_operator.py:114} INFO - Done. Returned value was: None
[2020-01-20 14:23:36,539] {logging_mixin.py:112} INFO - [2020-01-20 14:23:36,538] {local_task_job.py:103} INFO - Task exited with return code 0
