[2020-01-20 14:34:21,809] {taskinstance.py:655} INFO - Dependencies all met for <TaskInstance: process_replies.send_replies 2020-01-20T03:50:00+00:00 [queued]>
[2020-01-20 14:34:21,817] {taskinstance.py:655} INFO - Dependencies all met for <TaskInstance: process_replies.send_replies 2020-01-20T03:50:00+00:00 [queued]>
[2020-01-20 14:34:21,817] {taskinstance.py:866} INFO - 
--------------------------------------------------------------------------------
[2020-01-20 14:34:21,817] {taskinstance.py:867} INFO - Starting attempt 1 of 1
[2020-01-20 14:34:21,817] {taskinstance.py:868} INFO - 
--------------------------------------------------------------------------------
[2020-01-20 14:34:21,823] {taskinstance.py:887} INFO - Executing <Task(PythonOperator): send_replies> on 2020-01-20T03:50:00+00:00
[2020-01-20 14:34:21,826] {standard_task_runner.py:52} INFO - Started process 6482 to run task
[2020-01-20 14:34:21,867] {logging_mixin.py:112} INFO - [2020-01-20 14:34:21,866] {dagbag.py:403} INFO - Filling up the DagBag from /Users/aneeshmakala/Documents/ComputerScience/datascience/hapPy/airflow/dags/process_replies.py
[2020-01-20 14:34:21,886] {logging_mixin.py:112} INFO - Running %s on host %s <TaskInstance: process_replies.send_replies 2020-01-20T03:50:00+00:00 [running]> 1.0.0.0.0.0.0.0.0.0.0.0.0.0.0.0.0.0.0.0.0.0.0.0.0.0.0.0.0.0.0.0.ip6.arpa
[2020-01-20 14:34:21,898] {python_operator.py:105} INFO - Exporting the following env vars:
AIRFLOW_CTX_DAG_EMAIL=makalaaneesh18@mail.com
AIRFLOW_CTX_DAG_OWNER=me
AIRFLOW_CTX_DAG_ID=process_replies
AIRFLOW_CTX_TASK_ID=send_replies
AIRFLOW_CTX_EXECUTION_DATE=2020-01-20T03:50:00+00:00
AIRFLOW_CTX_DAG_RUN_ID=scheduled__2020-01-20T03:50:00+00:00
[2020-01-20 14:34:21,901] {logging_mixin.py:112} INFO - [2020-01-20 14:34:21,901] {base_hook.py:84} INFO - Using connection to: id: mongo_default. Host: 127.0.0.1, Port: 27017, Schema: None, Login: None, Password: None, extra: None
[2020-01-20 14:34:21,907] {logging_mixin.py:112} INFO - {'_id': '1218914150929158144', 'text': 'Me : yoongis words &gt; this is exactly what I need in my life to happen 🤤🤤🤤💦\n\nAlso , Me : Don’t think I can handle se… https://t.co/yfy8ws60Qj', 'reply': 'Sometimes, life will kick you around, but sooner or later, you realize you’re not just a survivor. You’re a warrior, and you’re stronger than anything life throws your way. - Brooke Davis #MentalHealth #MentalHealthAwareness'}
[2020-01-20 14:34:21,907] {logging_mixin.py:112} INFO - {'_id': '1218914144478539778', 'text': '*killed 3 people, all minorities and nobody cared. \n\nThe silver jeep hidden away by the cancerous auntie,  aaron wa… https://t.co/V6LcaMrPzv', 'reply': 'Sometimes, life will kick you around, but sooner or later, you realize you’re not just a survivor. You’re a warrior, and you’re stronger than anything life throws your way. - Brooke Davis #MentalHealth #MentalHealthAwareness'}
[2020-01-20 14:34:21,908] {logging_mixin.py:112} INFO - {'_id': '1218914054195933184', 'text': 'Life is not a problem to be solved, but a reality to be experienced.\n\nFLY HIGH MAYWARDS\n#EverythingiWantisMAYWARD \n#PUSHAwardsMayWards', 'reply': 'Sometimes, life will kick you around, but sooner or later, you realize you’re not just a survivor. You’re a warrior, and you’re stronger than anything life throws your way. - Brooke Davis #MentalHealth #MentalHealthAwareness'}
[2020-01-20 14:34:21,908] {logging_mixin.py:112} INFO - {'_id': '1218914016904536065', 'text': '“Without music, life would be a mistake.”', 'reply': 'Sometimes, life will kick you around, but sooner or later, you realize you’re not just a survivor. You’re a warrior, and you’re stronger than anything life throws your way. - Brooke Davis #MentalHealth #MentalHealthAwareness'}
[2020-01-20 14:34:21,908] {logging_mixin.py:112} INFO - {'_id': '1218914159779143682', 'text': 'My life is simple https://t.co/Sfh502MfRl', 'reply': 'Sometimes, life will kick you around, but sooner or later, you realize you’re not just a survivor. You’re a warrior, and you’re stronger than anything life throws your way. - Brooke Davis #MentalHealth #MentalHealthAwareness'}
[2020-01-20 14:34:21,909] {logging_mixin.py:112} INFO - [2020-01-20 14:34:21,908] {tweet_reply.py:39} INFO - Inserting replies in tweet_replies collection
[2020-01-20 14:34:21,911] {logging_mixin.py:112} INFO - [2020-01-20 14:34:21,911] {tweet_reply.py:24} INFO - deleting tweets from tweets collection
[2020-01-20 14:34:21,913] {logging_mixin.py:112} INFO - [2020-01-20 14:34:21,912] {tweet_reply.py:35} INFO - Succesfully deleted 5 docs
[2020-01-20 14:34:21,913] {python_operator.py:114} INFO - Done. Returned value was: None
[2020-01-20 14:34:31,802] {logging_mixin.py:112} INFO - [2020-01-20 14:34:31,801] {local_task_job.py:103} INFO - Task exited with return code 0
