[2020-01-20 14:33:24,105] {taskinstance.py:655} INFO - Dependencies all met for <TaskInstance: process_replies.send_replies 2020-01-20T03:40:00+00:00 [queued]>
[2020-01-20 14:33:24,111] {taskinstance.py:655} INFO - Dependencies all met for <TaskInstance: process_replies.send_replies 2020-01-20T03:40:00+00:00 [queued]>
[2020-01-20 14:33:24,111] {taskinstance.py:866} INFO - 
--------------------------------------------------------------------------------
[2020-01-20 14:33:24,111] {taskinstance.py:867} INFO - Starting attempt 1 of 1
[2020-01-20 14:33:24,111] {taskinstance.py:868} INFO - 
--------------------------------------------------------------------------------
[2020-01-20 14:33:24,117] {taskinstance.py:887} INFO - Executing <Task(PythonOperator): send_replies> on 2020-01-20T03:40:00+00:00
[2020-01-20 14:33:24,119] {standard_task_runner.py:52} INFO - Started process 6443 to run task
[2020-01-20 14:33:24,156] {logging_mixin.py:112} INFO - [2020-01-20 14:33:24,155] {dagbag.py:403} INFO - Filling up the DagBag from /Users/aneeshmakala/Documents/ComputerScience/datascience/hapPy/airflow/dags/process_replies.py
[2020-01-20 14:33:24,175] {logging_mixin.py:112} INFO - Running %s on host %s <TaskInstance: process_replies.send_replies 2020-01-20T03:40:00+00:00 [running]> 1.0.0.0.0.0.0.0.0.0.0.0.0.0.0.0.0.0.0.0.0.0.0.0.0.0.0.0.0.0.0.0.ip6.arpa
[2020-01-20 14:33:24,187] {python_operator.py:105} INFO - Exporting the following env vars:
AIRFLOW_CTX_DAG_EMAIL=makalaaneesh18@mail.com
AIRFLOW_CTX_DAG_OWNER=me
AIRFLOW_CTX_DAG_ID=process_replies
AIRFLOW_CTX_TASK_ID=send_replies
AIRFLOW_CTX_EXECUTION_DATE=2020-01-20T03:40:00+00:00
AIRFLOW_CTX_DAG_RUN_ID=scheduled__2020-01-20T03:40:00+00:00
[2020-01-20 14:33:24,191] {logging_mixin.py:112} INFO - [2020-01-20 14:33:24,190] {base_hook.py:84} INFO - Using connection to: id: mongo_default. Host: 127.0.0.1, Port: 27017, Schema: None, Login: None, Password: None, extra: None
[2020-01-20 14:33:24,202] {logging_mixin.py:112} INFO - {'_id': '1218913918094987264', 'text': "Sometimes good people make bad choices. It doesn't mean they're bad... it means they're human...", 'reply': 'Sometimes, life will kick you around, but sooner or later, you realize you’re not just a survivor. You’re a warrior, and you’re stronger than anything life throws your way. - Brooke Davis #MentalHealth #MentalHealthAwareness'}
[2020-01-20 14:33:24,202] {logging_mixin.py:112} INFO - {'_id': '1218913868161998848', 'text': "sorry I havent been on I've been living my best life", 'reply': 'Sometimes, life will kick you around, but sooner or later, you realize you’re not just a survivor. You’re a warrior, and you’re stronger than anything life throws your way. - Brooke Davis #MentalHealth #MentalHealthAwareness'}
[2020-01-20 14:33:24,203] {logging_mixin.py:112} INFO - {'_id': '1218914111079186437', 'text': 'it be sad asf when ppl aren’t what they say they are but life moves on', 'reply': 'Sometimes, life will kick you around, but sooner or later, you realize you’re not just a survivor. You’re a warrior, and you’re stronger than anything life throws your way. - Brooke Davis #MentalHealth #MentalHealthAwareness'}
[2020-01-20 14:33:24,203] {logging_mixin.py:112} INFO - {'_id': '1218913998868901889', 'text': 'So was i. I just wanna say thank u\nHave a better life, better future, \nbetter situation. With someone u love\nAn old… https://t.co/ff42tystyJ', 'reply': 'Sometimes, life will kick you around, but sooner or later, you realize you’re not just a survivor. You’re a warrior, and you’re stronger than anything life throws your way. - Brooke Davis #MentalHealth #MentalHealthAwareness'}
[2020-01-20 14:33:24,203] {logging_mixin.py:112} INFO - {'_id': '1218913981470920709', 'text': 'Not for me in every school', 'reply': 'Sometimes, life will kick you around, but sooner or later, you realize you’re not just a survivor. You’re a warrior, and you’re stronger than anything life throws your way. - Brooke Davis #MentalHealth #MentalHealthAwareness'}
[2020-01-20 14:33:24,204] {logging_mixin.py:112} INFO - [2020-01-20 14:33:24,204] {tweet_reply.py:39} INFO - Inserting replies in tweet_replies collection
[2020-01-20 14:33:24,207] {logging_mixin.py:112} INFO - [2020-01-20 14:33:24,207] {tweet_reply.py:24} INFO - deleting tweets from tweets collection
[2020-01-20 14:33:24,209] {logging_mixin.py:112} INFO - [2020-01-20 14:33:24,208] {tweet_reply.py:35} INFO - Succesfully deleted 5 docs
[2020-01-20 14:33:24,209] {python_operator.py:114} INFO - Done. Returned value was: None
[2020-01-20 14:33:34,096] {logging_mixin.py:112} INFO - [2020-01-20 14:33:34,096] {local_task_job.py:103} INFO - Task exited with return code 0
