[2020-01-20 14:01:45,365] {taskinstance.py:655} INFO - Dependencies all met for <TaskInstance: process_replies.send_replies 2019-10-09T00:40:00+00:00 [queued]>
[2020-01-20 14:01:45,372] {taskinstance.py:655} INFO - Dependencies all met for <TaskInstance: process_replies.send_replies 2019-10-09T00:40:00+00:00 [queued]>
[2020-01-20 14:01:45,372] {taskinstance.py:866} INFO - 
--------------------------------------------------------------------------------
[2020-01-20 14:01:45,372] {taskinstance.py:867} INFO - Starting attempt 1 of 1
[2020-01-20 14:01:45,372] {taskinstance.py:868} INFO - 
--------------------------------------------------------------------------------
[2020-01-20 14:01:45,379] {taskinstance.py:887} INFO - Executing <Task(PythonOperator): send_replies> on 2019-10-09T00:40:00+00:00
[2020-01-20 14:01:45,381] {standard_task_runner.py:52} INFO - Started process 5459 to run task
[2020-01-20 14:01:45,418] {logging_mixin.py:112} INFO - [2020-01-20 14:01:45,417] {dagbag.py:403} INFO - Filling up the DagBag from /Users/aneeshmakala/Documents/ComputerScience/datascience/hapPy/airflow/dags/process_replies.py
[2020-01-20 14:01:45,436] {logging_mixin.py:112} INFO - Running %s on host %s <TaskInstance: process_replies.send_replies 2019-10-09T00:40:00+00:00 [running]> Aneeshs-MacBook-Pro.local
[2020-01-20 14:01:45,451] {python_operator.py:105} INFO - Exporting the following env vars:
AIRFLOW_CTX_DAG_EMAIL=makalaaneesh18@mail.com
AIRFLOW_CTX_DAG_OWNER=me
AIRFLOW_CTX_DAG_ID=process_replies
AIRFLOW_CTX_TASK_ID=send_replies
AIRFLOW_CTX_EXECUTION_DATE=2019-10-09T00:40:00+00:00
AIRFLOW_CTX_DAG_RUN_ID=scheduled__2019-10-09T00:40:00+00:00
[2020-01-20 14:01:45,454] {logging_mixin.py:112} INFO - [2020-01-20 14:01:45,454] {base_hook.py:84} INFO - Using connection to: id: mongo_default. Host: 127.0.0.1, Port: 27017, Schema: None, Login: None, Password: None, extra: None
[2020-01-20 14:01:45,462] {logging_mixin.py:112} INFO - {'_id': '1218913982418997249', 'text': 'I didn’t know I needed this duo in my life until now', 'reply': 'Sometimes, life will kick you around, but sooner or later, you realize you’re not just a survivor. You’re a warrior, and you’re stronger than anything life throws your way. - Brooke Davis #MentalHealth #MentalHealthAwareness'}
[2020-01-20 14:01:45,463] {logging_mixin.py:112} INFO - {'_id': '1218914062207049728', 'text': '@Vivek_Gaur @Shinu11_11 This means they are even physically strong enough to life u n take u out. My friend told me… https://t.co/1t6oF0g7Wr', 'reply': 'Sometimes, life will kick you around, but sooner or later, you realize you’re not just a survivor. You’re a warrior, and you’re stronger than anything life throws your way. - Brooke Davis #MentalHealth #MentalHealthAwareness'}
[2020-01-20 14:01:45,463] {logging_mixin.py:112} INFO - {'_id': '1219173424825802753', 'text': 'still can’t believe losing my Nan and yesterday was real, worst day of my life', 'reply': 'Sometimes, life will kick you around, but sooner or later, you realize you’re not just a survivor. You’re a warrior, and you’re stronger than anything life throws your way. - Brooke Davis #MentalHealth #MentalHealthAwareness'}
[2020-01-20 14:01:45,463] {logging_mixin.py:112} INFO - {'_id': '1218914018410278926', 'text': 'This is great, but what if you’re like stuffed in a trunk or the backseat of a car or literally anywhere that you c… https://t.co/w5RzExGpI9', 'reply': 'Sometimes, life will kick you around, but sooner or later, you realize you’re not just a survivor. You’re a warrior, and you’re stronger than anything life throws your way. - Brooke Davis #MentalHealth #MentalHealthAwareness'}
[2020-01-20 14:01:45,463] {logging_mixin.py:112} INFO - {'_id': '1218913908888440832', 'text': 'Going back to sleep I don’t need that negativity in my life', 'reply': 'Sometimes, life will kick you around, but sooner or later, you realize you’re not just a survivor. You’re a warrior, and you’re stronger than anything life throws your way. - Brooke Davis #MentalHealth #MentalHealthAwareness'}
[2020-01-20 14:01:45,464] {logging_mixin.py:112} INFO - [2020-01-20 14:01:45,464] {tweet_reply.py:39} INFO - Inserting replies in tweet_replies collection
[2020-01-20 14:01:45,466] {logging_mixin.py:112} INFO - [2020-01-20 14:01:45,465] {tweet_reply.py:24} INFO - deleting tweets from tweets collection
[2020-01-20 14:01:45,467] {logging_mixin.py:112} INFO - [2020-01-20 14:01:45,467] {tweet_reply.py:35} INFO - Succesfully deleted 5 docs
[2020-01-20 14:01:45,468] {python_operator.py:114} INFO - Done. Returned value was: None
[2020-01-20 14:01:55,362] {logging_mixin.py:112} INFO - [2020-01-20 14:01:55,361] {local_task_job.py:103} INFO - Task exited with return code 0
