[2020-01-20 14:28:19,504] {taskinstance.py:655} INFO - Dependencies all met for <TaskInstance: process_replies.send_replies 2020-01-20T02:50:00+00:00 [queued]>
[2020-01-20 14:28:19,511] {taskinstance.py:655} INFO - Dependencies all met for <TaskInstance: process_replies.send_replies 2020-01-20T02:50:00+00:00 [queued]>
[2020-01-20 14:28:19,511] {taskinstance.py:866} INFO - 
--------------------------------------------------------------------------------
[2020-01-20 14:28:19,511] {taskinstance.py:867} INFO - Starting attempt 1 of 1
[2020-01-20 14:28:19,511] {taskinstance.py:868} INFO - 
--------------------------------------------------------------------------------
[2020-01-20 14:28:19,517] {taskinstance.py:887} INFO - Executing <Task(PythonOperator): send_replies> on 2020-01-20T02:50:00+00:00
[2020-01-20 14:28:19,519] {standard_task_runner.py:52} INFO - Started process 6257 to run task
[2020-01-20 14:28:19,555] {logging_mixin.py:112} INFO - [2020-01-20 14:28:19,554] {dagbag.py:403} INFO - Filling up the DagBag from /Users/aneeshmakala/Documents/ComputerScience/datascience/hapPy/airflow/dags/process_replies.py
[2020-01-20 14:28:19,573] {logging_mixin.py:112} INFO - Running %s on host %s <TaskInstance: process_replies.send_replies 2020-01-20T02:50:00+00:00 [running]> 1.0.0.0.0.0.0.0.0.0.0.0.0.0.0.0.0.0.0.0.0.0.0.0.0.0.0.0.0.0.0.0.ip6.arpa
[2020-01-20 14:28:19,586] {python_operator.py:105} INFO - Exporting the following env vars:
AIRFLOW_CTX_DAG_EMAIL=makalaaneesh18@mail.com
AIRFLOW_CTX_DAG_OWNER=me
AIRFLOW_CTX_DAG_ID=process_replies
AIRFLOW_CTX_TASK_ID=send_replies
AIRFLOW_CTX_EXECUTION_DATE=2020-01-20T02:50:00+00:00
AIRFLOW_CTX_DAG_RUN_ID=scheduled__2020-01-20T02:50:00+00:00
[2020-01-20 14:28:19,590] {logging_mixin.py:112} INFO - [2020-01-20 14:28:19,589] {base_hook.py:84} INFO - Using connection to: id: mongo_default. Host: 127.0.0.1, Port: 27017, Schema: None, Login: None, Password: None, extra: None
[2020-01-20 14:28:19,596] {logging_mixin.py:112} INFO - {'_id': '1218914079307370503', 'text': 'I woke up feeling overwhelmingly grateful for my life in this moment.  God, please continue to guide my thoughts, f… https://t.co/5LCThmSYl5', 'reply': 'Sometimes, life will kick you around, but sooner or later, you realize you’re not just a survivor. You’re a warrior, and you’re stronger than anything life throws your way. - Brooke Davis #MentalHealth #MentalHealthAwareness'}
[2020-01-20 14:28:19,597] {logging_mixin.py:112} INFO - {'_id': '1218913910939693056', 'text': 'I already know the life is deep but I still digger ⛏💯', 'reply': 'Sometimes, life will kick you around, but sooner or later, you realize you’re not just a survivor. You’re a warrior, and you’re stronger than anything life throws your way. - Brooke Davis #MentalHealth #MentalHealthAwareness'}
[2020-01-20 14:28:19,597] {logging_mixin.py:112} INFO - {'_id': '1218914026207444992', 'text': 'I’m funny in real life I don’t have to steal memes...jealous yet', 'reply': 'Sometimes, life will kick you around, but sooner or later, you realize you’re not just a survivor. You’re a warrior, and you’re stronger than anything life throws your way. - Brooke Davis #MentalHealth #MentalHealthAwareness'}
[2020-01-20 14:28:19,597] {logging_mixin.py:112} INFO - {'_id': '1218913840680718336', 'text': '@Peteyville Y’all are obsessed w tearing other people down I swear. a life. Find one.', 'reply': 'Sometimes, life will kick you around, but sooner or later, you realize you’re not just a survivor. You’re a warrior, and you’re stronger than anything life throws your way. - Brooke Davis #MentalHealth #MentalHealthAwareness'}
[2020-01-20 14:28:19,597] {logging_mixin.py:112} INFO - {'_id': '1218914053059497989', 'text': 'Die the socialist life careers let the north-south sci-tech to creating effective wind as cooperative people of cou… https://t.co/o1s0UZi90C', 'reply': 'Sometimes, life will kick you around, but sooner or later, you realize you’re not just a survivor. You’re a warrior, and you’re stronger than anything life throws your way. - Brooke Davis #MentalHealth #MentalHealthAwareness'}
[2020-01-20 14:28:19,598] {logging_mixin.py:112} INFO - [2020-01-20 14:28:19,598] {tweet_reply.py:39} INFO - Inserting replies in tweet_replies collection
[2020-01-20 14:28:19,600] {logging_mixin.py:112} INFO - [2020-01-20 14:28:19,600] {tweet_reply.py:24} INFO - deleting tweets from tweets collection
[2020-01-20 14:28:19,602] {logging_mixin.py:112} INFO - [2020-01-20 14:28:19,602] {tweet_reply.py:35} INFO - Succesfully deleted 5 docs
[2020-01-20 14:28:19,602] {python_operator.py:114} INFO - Done. Returned value was: None
[2020-01-20 14:28:29,504] {logging_mixin.py:112} INFO - [2020-01-20 14:28:29,502] {local_task_job.py:103} INFO - Task exited with return code 0
