[2020-01-20 14:12:55,603] {taskinstance.py:655} INFO - Dependencies all met for <TaskInstance: process_replies.send_replies 2020-01-20T00:20:00+00:00 [queued]>
[2020-01-20 14:12:55,610] {taskinstance.py:655} INFO - Dependencies all met for <TaskInstance: process_replies.send_replies 2020-01-20T00:20:00+00:00 [queued]>
[2020-01-20 14:12:55,610] {taskinstance.py:866} INFO - 
--------------------------------------------------------------------------------
[2020-01-20 14:12:55,610] {taskinstance.py:867} INFO - Starting attempt 1 of 1
[2020-01-20 14:12:55,610] {taskinstance.py:868} INFO - 
--------------------------------------------------------------------------------
[2020-01-20 14:12:55,616] {taskinstance.py:887} INFO - Executing <Task(PythonOperator): send_replies> on 2020-01-20T00:20:00+00:00
[2020-01-20 14:12:55,618] {standard_task_runner.py:52} INFO - Started process 5727 to run task
[2020-01-20 14:12:55,655] {logging_mixin.py:112} INFO - [2020-01-20 14:12:55,654] {dagbag.py:403} INFO - Filling up the DagBag from /Users/aneeshmakala/Documents/ComputerScience/datascience/hapPy/airflow/dags/process_replies.py
[2020-01-20 14:12:55,672] {logging_mixin.py:112} INFO - Running %s on host %s <TaskInstance: process_replies.send_replies 2020-01-20T00:20:00+00:00 [running]> 1.0.0.0.0.0.0.0.0.0.0.0.0.0.0.0.0.0.0.0.0.0.0.0.0.0.0.0.0.0.0.0.ip6.arpa
[2020-01-20 14:12:55,684] {python_operator.py:105} INFO - Exporting the following env vars:
AIRFLOW_CTX_DAG_EMAIL=makalaaneesh18@mail.com
AIRFLOW_CTX_DAG_OWNER=me
AIRFLOW_CTX_DAG_ID=process_replies
AIRFLOW_CTX_TASK_ID=send_replies
AIRFLOW_CTX_EXECUTION_DATE=2020-01-20T00:20:00+00:00
AIRFLOW_CTX_DAG_RUN_ID=scheduled__2020-01-20T00:20:00+00:00
[2020-01-20 14:12:55,688] {logging_mixin.py:112} INFO - [2020-01-20 14:12:55,688] {base_hook.py:84} INFO - Using connection to: id: mongo_default. Host: 127.0.0.1, Port: 27017, Schema: None, Login: None, Password: None, extra: None
[2020-01-20 14:12:55,699] {logging_mixin.py:112} INFO - {'_id': '1218913864630190085', 'text': 'life hates me stop giving me teasers give me the whole damn ulcer already', 'reply': 'Sometimes, life will kick you around, but sooner or later, you realize you’re not just a survivor. You’re a warrior, and you’re stronger than anything life throws your way. - Brooke Davis #MentalHealth #MentalHealthAwareness'}
[2020-01-20 14:12:55,700] {logging_mixin.py:112} INFO - {'_id': '1218913940572381184', 'text': 'My whole entire life is seriously a big fucking joke', 'reply': 'Sometimes, life will kick you around, but sooner or later, you realize you’re not just a survivor. You’re a warrior, and you’re stronger than anything life throws your way. - Brooke Davis #MentalHealth #MentalHealthAwareness'}
[2020-01-20 14:12:55,700] {logging_mixin.py:112} INFO - {'_id': '1218914036944760832', 'text': 'i feel so sorry this happened to them... life has been so unfair to the kashmiri hindus... time to undo this histor… https://t.co/N7rxpl4f7N', 'reply': 'Sometimes, life will kick you around, but sooner or later, you realize you’re not just a survivor. You’re a warrior, and you’re stronger than anything life throws your way. - Brooke Davis #MentalHealth #MentalHealthAwareness'}
[2020-01-20 14:12:55,700] {logging_mixin.py:112} INFO - {'_id': '1218913915201040385', 'text': 'It’s crazy y’all still don’t see this Lori and Future shit is a “Life is Good” press run', 'reply': 'Sometimes, life will kick you around, but sooner or later, you realize you’re not just a survivor. You’re a warrior, and you’re stronger than anything life throws your way. - Brooke Davis #MentalHealth #MentalHealthAwareness'}
[2020-01-20 14:12:55,701] {logging_mixin.py:112} INFO - {'_id': '1218913863564849153', 'text': 'I could get drunk once in a while and forget about shits in life.', 'reply': 'Sometimes, life will kick you around, but sooner or later, you realize you’re not just a survivor. You’re a warrior, and you’re stronger than anything life throws your way. - Brooke Davis #MentalHealth #MentalHealthAwareness'}
[2020-01-20 14:12:55,701] {logging_mixin.py:112} INFO - [2020-01-20 14:12:55,701] {tweet_reply.py:39} INFO - Inserting replies in tweet_replies collection
[2020-01-20 14:12:55,705] {logging_mixin.py:112} INFO - [2020-01-20 14:12:55,704] {tweet_reply.py:24} INFO - deleting tweets from tweets collection
[2020-01-20 14:12:55,706] {logging_mixin.py:112} INFO - [2020-01-20 14:12:55,706] {tweet_reply.py:35} INFO - Succesfully deleted 5 docs
[2020-01-20 14:12:55,707] {python_operator.py:114} INFO - Done. Returned value was: None
[2020-01-20 14:13:05,598] {logging_mixin.py:112} INFO - [2020-01-20 14:13:05,597] {local_task_job.py:103} INFO - Task exited with return code 0
