[2020-01-20 14:20:32,356] {taskinstance.py:655} INFO - Dependencies all met for <TaskInstance: process_replies.send_replies 2020-01-20T01:30:00+00:00 [queued]>
[2020-01-20 14:20:32,362] {taskinstance.py:655} INFO - Dependencies all met for <TaskInstance: process_replies.send_replies 2020-01-20T01:30:00+00:00 [queued]>
[2020-01-20 14:20:32,362] {taskinstance.py:866} INFO - 
--------------------------------------------------------------------------------
[2020-01-20 14:20:32,362] {taskinstance.py:867} INFO - Starting attempt 1 of 1
[2020-01-20 14:20:32,362] {taskinstance.py:868} INFO - 
--------------------------------------------------------------------------------
[2020-01-20 14:20:32,368] {taskinstance.py:887} INFO - Executing <Task(PythonOperator): send_replies> on 2020-01-20T01:30:00+00:00
[2020-01-20 14:20:32,370] {standard_task_runner.py:52} INFO - Started process 5969 to run task
[2020-01-20 14:20:32,407] {logging_mixin.py:112} INFO - [2020-01-20 14:20:32,406] {dagbag.py:403} INFO - Filling up the DagBag from /Users/aneeshmakala/Documents/ComputerScience/datascience/hapPy/airflow/dags/process_replies.py
[2020-01-20 14:20:32,430] {logging_mixin.py:112} INFO - Running %s on host %s <TaskInstance: process_replies.send_replies 2020-01-20T01:30:00+00:00 [running]> 1.0.0.0.0.0.0.0.0.0.0.0.0.0.0.0.0.0.0.0.0.0.0.0.0.0.0.0.0.0.0.0.ip6.arpa
[2020-01-20 14:20:32,447] {python_operator.py:105} INFO - Exporting the following env vars:
AIRFLOW_CTX_DAG_EMAIL=makalaaneesh18@mail.com
AIRFLOW_CTX_DAG_OWNER=me
AIRFLOW_CTX_DAG_ID=process_replies
AIRFLOW_CTX_TASK_ID=send_replies
AIRFLOW_CTX_EXECUTION_DATE=2020-01-20T01:30:00+00:00
AIRFLOW_CTX_DAG_RUN_ID=scheduled__2020-01-20T01:30:00+00:00
[2020-01-20 14:20:32,454] {logging_mixin.py:112} INFO - [2020-01-20 14:20:32,453] {base_hook.py:84} INFO - Using connection to: id: mongo_default. Host: 127.0.0.1, Port: 27017, Schema: None, Login: None, Password: None, extra: None
[2020-01-20 14:20:32,465] {logging_mixin.py:112} INFO - {'_id': '1218914007622520832', 'text': 'Here are some of the small changes you can make to live a happier and more successful life. @Inc tells you more:… https://t.co/xYomolsZe1', 'reply': 'Sometimes, life will kick you around, but sooner or later, you realize you’re not just a survivor. You’re a warrior, and you’re stronger than anything life throws your way. - Brooke Davis #MentalHealth #MentalHealthAwareness'}
[2020-01-20 14:20:32,465] {logging_mixin.py:112} INFO - {'_id': '1219173351366807553', 'text': 'Without a measureless and perpetual uncertainty, the drama of human life would be destroyed.', 'reply': 'Sometimes, life will kick you around, but sooner or later, you realize you’re not just a survivor. You’re a warrior, and you’re stronger than anything life throws your way. - Brooke Davis #MentalHealth #MentalHealthAwareness'}
[2020-01-20 14:20:32,465] {logging_mixin.py:112} INFO - {'_id': '1218914063893221377', 'text': 'Maybe I really have a trust issue to people if they will stay or not in my life.', 'reply': 'Sometimes, life will kick you around, but sooner or later, you realize you’re not just a survivor. You’re a warrior, and you’re stronger than anything life throws your way. - Brooke Davis #MentalHealth #MentalHealthAwareness'}
[2020-01-20 14:20:32,466] {logging_mixin.py:112} INFO - {'_id': '1218914012257189889', 'text': '01/19/18 - I weighed in at around 275lbs and was very unhappy with a lot of things in my life, but decided to tackl… https://t.co/1cyyqgEHfx', 'reply': 'Sometimes, life will kick you around, but sooner or later, you realize you’re not just a survivor. You’re a warrior, and you’re stronger than anything life throws your way. - Brooke Davis #MentalHealth #MentalHealthAwareness'}
[2020-01-20 14:20:32,466] {logging_mixin.py:112} INFO - {'_id': '1218914048676388866', 'text': '@ljthomasbooks @LacieWaldon Hell, I do this in real life.  🔎📕📗📘', 'reply': 'Sometimes, life will kick you around, but sooner or later, you realize you’re not just a survivor. You’re a warrior, and you’re stronger than anything life throws your way. - Brooke Davis #MentalHealth #MentalHealthAwareness'}
[2020-01-20 14:20:32,466] {logging_mixin.py:112} INFO - [2020-01-20 14:20:32,466] {tweet_reply.py:39} INFO - Inserting replies in tweet_replies collection
[2020-01-20 14:20:32,469] {logging_mixin.py:112} INFO - [2020-01-20 14:20:32,469] {tweet_reply.py:24} INFO - deleting tweets from tweets collection
[2020-01-20 14:20:32,471] {logging_mixin.py:112} INFO - [2020-01-20 14:20:32,470] {tweet_reply.py:35} INFO - Succesfully deleted 5 docs
[2020-01-20 14:20:32,471] {python_operator.py:114} INFO - Done. Returned value was: None
[2020-01-20 14:20:42,364] {logging_mixin.py:112} INFO - [2020-01-20 14:20:42,363] {local_task_job.py:103} INFO - Task exited with return code 0
