[2020-01-20 14:25:24,308] {taskinstance.py:655} INFO - Dependencies all met for <TaskInstance: process_replies.send_replies 2020-01-20T02:20:00+00:00 [queued]>
[2020-01-20 14:25:24,315] {taskinstance.py:655} INFO - Dependencies all met for <TaskInstance: process_replies.send_replies 2020-01-20T02:20:00+00:00 [queued]>
[2020-01-20 14:25:24,315] {taskinstance.py:866} INFO - 
--------------------------------------------------------------------------------
[2020-01-20 14:25:24,315] {taskinstance.py:867} INFO - Starting attempt 1 of 1
[2020-01-20 14:25:24,315] {taskinstance.py:868} INFO - 
--------------------------------------------------------------------------------
[2020-01-20 14:25:24,322] {taskinstance.py:887} INFO - Executing <Task(PythonOperator): send_replies> on 2020-01-20T02:20:00+00:00
[2020-01-20 14:25:24,327] {standard_task_runner.py:52} INFO - Started process 6157 to run task
[2020-01-20 14:25:24,367] {logging_mixin.py:112} INFO - [2020-01-20 14:25:24,366] {dagbag.py:403} INFO - Filling up the DagBag from /Users/aneeshmakala/Documents/ComputerScience/datascience/hapPy/airflow/dags/process_replies.py
[2020-01-20 14:25:24,386] {logging_mixin.py:112} INFO - Running %s on host %s <TaskInstance: process_replies.send_replies 2020-01-20T02:20:00+00:00 [running]> 1.0.0.0.0.0.0.0.0.0.0.0.0.0.0.0.0.0.0.0.0.0.0.0.0.0.0.0.0.0.0.0.ip6.arpa
[2020-01-20 14:25:24,400] {python_operator.py:105} INFO - Exporting the following env vars:
AIRFLOW_CTX_DAG_EMAIL=makalaaneesh18@mail.com
AIRFLOW_CTX_DAG_OWNER=me
AIRFLOW_CTX_DAG_ID=process_replies
AIRFLOW_CTX_TASK_ID=send_replies
AIRFLOW_CTX_EXECUTION_DATE=2020-01-20T02:20:00+00:00
AIRFLOW_CTX_DAG_RUN_ID=scheduled__2020-01-20T02:20:00+00:00
[2020-01-20 14:25:24,405] {logging_mixin.py:112} INFO - [2020-01-20 14:25:24,404] {base_hook.py:84} INFO - Using connection to: id: mongo_default. Host: 127.0.0.1, Port: 27017, Schema: None, Login: None, Password: None, extra: None
[2020-01-20 14:25:24,411] {logging_mixin.py:112} INFO - {'_id': '1218914154679017472', 'text': '@JacksackPHD I needed this in my life', 'reply': 'Sometimes, life will kick you around, but sooner or later, you realize you’re not just a survivor. You’re a warrior, and you’re stronger than anything life throws your way. - Brooke Davis #MentalHealth #MentalHealthAwareness'}
[2020-01-20 14:25:24,411] {logging_mixin.py:112} INFO - {'_id': '1218913957630529536', 'text': 'Ughh this feeling huhu is this even real in life', 'reply': 'Sometimes, life will kick you around, but sooner or later, you realize you’re not just a survivor. You’re a warrior, and you’re stronger than anything life throws your way. - Brooke Davis #MentalHealth #MentalHealthAwareness'}
[2020-01-20 14:25:24,411] {logging_mixin.py:112} INFO - {'_id': '1218914033715249152', 'text': 'Is Your Energy Frequency Sabotaging Your Dream Life ?....https://t.co/qExv5dAjkT https://t.co/T2EhF9SFHf', 'reply': 'Sometimes, life will kick you around, but sooner or later, you realize you’re not just a survivor. You’re a warrior, and you’re stronger than anything life throws your way. - Brooke Davis #MentalHealth #MentalHealthAwareness'}
[2020-01-20 14:25:24,412] {logging_mixin.py:112} INFO - {'_id': '1218914038031228929', 'text': '@LivKristen Beyond. Friend or not be fucking happy, live your life. Aint nobody feeding you, keeping a roof over yo… https://t.co/zqLiiuebsD', 'reply': 'Sometimes, life will kick you around, but sooner or later, you realize you’re not just a survivor. You’re a warrior, and you’re stronger than anything life throws your way. - Brooke Davis #MentalHealth #MentalHealthAwareness'}
[2020-01-20 14:25:24,412] {logging_mixin.py:112} INFO - {'_id': '1218914082318962690', 'text': '@rashauna_alyse Horrible episode last wk nobody give a fuck about paz. Im on the fence between the 2 esp bc tasha g… https://t.co/nUyQ3Bedpg', 'reply': 'Sometimes, life will kick you around, but sooner or later, you realize you’re not just a survivor. You’re a warrior, and you’re stronger than anything life throws your way. - Brooke Davis #MentalHealth #MentalHealthAwareness'}
[2020-01-20 14:25:24,412] {logging_mixin.py:112} INFO - [2020-01-20 14:25:24,412] {tweet_reply.py:39} INFO - Inserting replies in tweet_replies collection
[2020-01-20 14:25:24,415] {logging_mixin.py:112} INFO - [2020-01-20 14:25:24,415] {tweet_reply.py:24} INFO - deleting tweets from tweets collection
[2020-01-20 14:25:24,416] {logging_mixin.py:112} INFO - [2020-01-20 14:25:24,416] {tweet_reply.py:35} INFO - Succesfully deleted 5 docs
[2020-01-20 14:25:24,416] {python_operator.py:114} INFO - Done. Returned value was: None
[2020-01-20 14:25:34,301] {logging_mixin.py:112} INFO - [2020-01-20 14:25:34,300] {local_task_job.py:103} INFO - Task exited with return code 0
