[2020-01-20 14:15:11,909] {taskinstance.py:655} INFO - Dependencies all met for <TaskInstance: process_replies.send_replies 2020-01-20T00:40:00+00:00 [queued]>
[2020-01-20 14:15:11,915] {taskinstance.py:655} INFO - Dependencies all met for <TaskInstance: process_replies.send_replies 2020-01-20T00:40:00+00:00 [queued]>
[2020-01-20 14:15:11,915] {taskinstance.py:866} INFO - 
--------------------------------------------------------------------------------
[2020-01-20 14:15:11,915] {taskinstance.py:867} INFO - Starting attempt 1 of 1
[2020-01-20 14:15:11,915] {taskinstance.py:868} INFO - 
--------------------------------------------------------------------------------
[2020-01-20 14:15:11,921] {taskinstance.py:887} INFO - Executing <Task(PythonOperator): send_replies> on 2020-01-20T00:40:00+00:00
[2020-01-20 14:15:11,923] {standard_task_runner.py:52} INFO - Started process 5800 to run task
[2020-01-20 14:15:11,959] {logging_mixin.py:112} INFO - [2020-01-20 14:15:11,959] {dagbag.py:403} INFO - Filling up the DagBag from /Users/aneeshmakala/Documents/ComputerScience/datascience/hapPy/airflow/dags/process_replies.py
[2020-01-20 14:15:11,977] {logging_mixin.py:112} INFO - Running %s on host %s <TaskInstance: process_replies.send_replies 2020-01-20T00:40:00+00:00 [running]> 1.0.0.0.0.0.0.0.0.0.0.0.0.0.0.0.0.0.0.0.0.0.0.0.0.0.0.0.0.0.0.0.ip6.arpa
[2020-01-20 14:15:11,989] {python_operator.py:105} INFO - Exporting the following env vars:
AIRFLOW_CTX_DAG_EMAIL=makalaaneesh18@mail.com
AIRFLOW_CTX_DAG_OWNER=me
AIRFLOW_CTX_DAG_ID=process_replies
AIRFLOW_CTX_TASK_ID=send_replies
AIRFLOW_CTX_EXECUTION_DATE=2020-01-20T00:40:00+00:00
AIRFLOW_CTX_DAG_RUN_ID=scheduled__2020-01-20T00:40:00+00:00
[2020-01-20 14:15:11,993] {logging_mixin.py:112} INFO - [2020-01-20 14:15:11,992] {base_hook.py:84} INFO - Using connection to: id: mongo_default. Host: 127.0.0.1, Port: 27017, Schema: None, Login: None, Password: None, extra: None
[2020-01-20 14:15:12,004] {logging_mixin.py:112} INFO - {'_id': '1218914117714632710', 'text': 'Every day person enters my life and let me down', 'reply': 'Sometimes, life will kick you around, but sooner or later, you realize you’re not just a survivor. You’re a warrior, and you’re stronger than anything life throws your way. - Brooke Davis #MentalHealth #MentalHealthAwareness'}
[2020-01-20 14:15:12,005] {logging_mixin.py:112} INFO - {'_id': '1218914056230330368', 'text': '@solarityroses I too feel this way, shyness is an obstacle that prevents us from living our life in peace. Never le… https://t.co/6z1uWJusmF', 'reply': 'Sometimes, life will kick you around, but sooner or later, you realize you’re not just a survivor. You’re a warrior, and you’re stronger than anything life throws your way. - Brooke Davis #MentalHealth #MentalHealthAwareness'}
[2020-01-20 14:15:12,005] {logging_mixin.py:112} INFO - {'_id': '1218914105131782145', 'text': 'He’s right and you know it.\n\nAre you willing to do the work required to live the life you want?\n\nThat’s the questio… https://t.co/HkHP8cJo5m', 'reply': 'Sometimes, life will kick you around, but sooner or later, you realize you’re not just a survivor. You’re a warrior, and you’re stronger than anything life throws your way. - Brooke Davis #MentalHealth #MentalHealthAwareness'}
[2020-01-20 14:15:12,006] {logging_mixin.py:112} INFO - {'_id': '1218913953524461569', 'text': "“What if I'm gone, what the fuck you gon' think then ? I told my story, put my life inside this ink pen.”", 'reply': 'Sometimes, life will kick you around, but sooner or later, you realize you’re not just a survivor. You’re a warrior, and you’re stronger than anything life throws your way. - Brooke Davis #MentalHealth #MentalHealthAwareness'}
[2020-01-20 14:15:12,006] {logging_mixin.py:112} INFO - {'_id': '1218914056435896320', 'text': "The difference you make in someone else's life will always be smaller than the difference it will make in your own.… https://t.co/jlfkfgfnXX", 'reply': 'Sometimes, life will kick you around, but sooner or later, you realize you’re not just a survivor. You’re a warrior, and you’re stronger than anything life throws your way. - Brooke Davis #MentalHealth #MentalHealthAwareness'}
[2020-01-20 14:15:12,007] {logging_mixin.py:112} INFO - [2020-01-20 14:15:12,006] {tweet_reply.py:39} INFO - Inserting replies in tweet_replies collection
[2020-01-20 14:15:12,009] {logging_mixin.py:112} INFO - [2020-01-20 14:15:12,008] {tweet_reply.py:24} INFO - deleting tweets from tweets collection
[2020-01-20 14:15:12,010] {logging_mixin.py:112} INFO - [2020-01-20 14:15:12,010] {tweet_reply.py:35} INFO - Succesfully deleted 5 docs
[2020-01-20 14:15:12,010] {python_operator.py:114} INFO - Done. Returned value was: None
[2020-01-20 14:15:21,906] {logging_mixin.py:112} INFO - [2020-01-20 14:15:21,905] {local_task_job.py:103} INFO - Task exited with return code 0
