[2020-01-20 14:19:34,251] {taskinstance.py:655} INFO - Dependencies all met for <TaskInstance: process_replies.send_replies 2020-01-20T01:20:00+00:00 [queued]>
[2020-01-20 14:19:34,257] {taskinstance.py:655} INFO - Dependencies all met for <TaskInstance: process_replies.send_replies 2020-01-20T01:20:00+00:00 [queued]>
[2020-01-20 14:19:34,257] {taskinstance.py:866} INFO - 
--------------------------------------------------------------------------------
[2020-01-20 14:19:34,257] {taskinstance.py:867} INFO - Starting attempt 1 of 1
[2020-01-20 14:19:34,257] {taskinstance.py:868} INFO - 
--------------------------------------------------------------------------------
[2020-01-20 14:19:34,263] {taskinstance.py:887} INFO - Executing <Task(PythonOperator): send_replies> on 2020-01-20T01:20:00+00:00
[2020-01-20 14:19:34,265] {standard_task_runner.py:52} INFO - Started process 5937 to run task
[2020-01-20 14:19:34,313] {logging_mixin.py:112} INFO - [2020-01-20 14:19:34,312] {dagbag.py:403} INFO - Filling up the DagBag from /Users/aneeshmakala/Documents/ComputerScience/datascience/hapPy/airflow/dags/process_replies.py
[2020-01-20 14:19:34,333] {logging_mixin.py:112} INFO - Running %s on host %s <TaskInstance: process_replies.send_replies 2020-01-20T01:20:00+00:00 [running]> 1.0.0.0.0.0.0.0.0.0.0.0.0.0.0.0.0.0.0.0.0.0.0.0.0.0.0.0.0.0.0.0.ip6.arpa
[2020-01-20 14:19:34,350] {python_operator.py:105} INFO - Exporting the following env vars:
AIRFLOW_CTX_DAG_EMAIL=makalaaneesh18@mail.com
AIRFLOW_CTX_DAG_OWNER=me
AIRFLOW_CTX_DAG_ID=process_replies
AIRFLOW_CTX_TASK_ID=send_replies
AIRFLOW_CTX_EXECUTION_DATE=2020-01-20T01:20:00+00:00
AIRFLOW_CTX_DAG_RUN_ID=scheduled__2020-01-20T01:20:00+00:00
[2020-01-20 14:19:34,354] {logging_mixin.py:112} INFO - [2020-01-20 14:19:34,354] {base_hook.py:84} INFO - Using connection to: id: mongo_default. Host: 127.0.0.1, Port: 27017, Schema: None, Login: None, Password: None, extra: None
[2020-01-20 14:19:34,366] {logging_mixin.py:112} INFO - {'_id': '1218914133350977536', 'text': 'Why waste $’s on a life sentence?', 'reply': 'Sometimes, life will kick you around, but sooner or later, you realize you’re not just a survivor. You’re a warrior, and you’re stronger than anything life throws your way. - Brooke Davis #MentalHealth #MentalHealthAwareness'}
[2020-01-20 14:19:34,367] {logging_mixin.py:112} INFO - {'_id': '1218914127671894028', 'text': 'I just really love my friends y’all. Like you people are family and life would suck without you guys.', 'reply': 'Sometimes, life will kick you around, but sooner or later, you realize you’re not just a survivor. You’re a warrior, and you’re stronger than anything life throws your way. - Brooke Davis #MentalHealth #MentalHealthAwareness'}
[2020-01-20 14:19:34,367] {logging_mixin.py:112} INFO - {'_id': '1218914069740212224', 'text': "food, and basic things in life for less that 700 a month it is not the damn 80's-90's anymore just rent alone is mi… https://t.co/FlybmaOPJa", 'reply': 'Sometimes, life will kick you around, but sooner or later, you realize you’re not just a survivor. You’re a warrior, and you’re stronger than anything life throws your way. - Brooke Davis #MentalHealth #MentalHealthAwareness'}
[2020-01-20 14:19:34,367] {logging_mixin.py:112} INFO - {'_id': '1218914131413229572', 'text': 'Godly sadness produces a changed heart and life that leads to salvation and leaves no regrets, but sorrow under the… https://t.co/Wg3z9YykCQ', 'reply': 'Sometimes, life will kick you around, but sooner or later, you realize you’re not just a survivor. You’re a warrior, and you’re stronger than anything life throws your way. - Brooke Davis #MentalHealth #MentalHealthAwareness'}
[2020-01-20 14:19:34,367] {logging_mixin.py:112} INFO - {'_id': '1218914099075010560', 'text': "@AngelaBelcamino @realDonaldTrump Imagine being so stupid (only an actor/actress wouldn't understand). A president… https://t.co/E8HA5G002q", 'reply': 'Sometimes, life will kick you around, but sooner or later, you realize you’re not just a survivor. You’re a warrior, and you’re stronger than anything life throws your way. - Brooke Davis #MentalHealth #MentalHealthAwareness'}
[2020-01-20 14:19:34,368] {logging_mixin.py:112} INFO - [2020-01-20 14:19:34,368] {tweet_reply.py:39} INFO - Inserting replies in tweet_replies collection
[2020-01-20 14:19:34,370] {logging_mixin.py:112} INFO - [2020-01-20 14:19:34,369] {tweet_reply.py:24} INFO - deleting tweets from tweets collection
[2020-01-20 14:19:34,371] {logging_mixin.py:112} INFO - [2020-01-20 14:19:34,371] {tweet_reply.py:35} INFO - Succesfully deleted 5 docs
[2020-01-20 14:19:34,372] {python_operator.py:114} INFO - Done. Returned value was: None
[2020-01-20 14:19:44,259] {logging_mixin.py:112} INFO - [2020-01-20 14:19:44,258] {local_task_job.py:103} INFO - Task exited with return code 0
