[2020-01-20 14:14:04,466] {taskinstance.py:655} INFO - Dependencies all met for <TaskInstance: process_replies.send_replies 2020-01-20T00:30:00+00:00 [queued]>
[2020-01-20 14:14:04,473] {taskinstance.py:655} INFO - Dependencies all met for <TaskInstance: process_replies.send_replies 2020-01-20T00:30:00+00:00 [queued]>
[2020-01-20 14:14:04,473] {taskinstance.py:866} INFO - 
--------------------------------------------------------------------------------
[2020-01-20 14:14:04,473] {taskinstance.py:867} INFO - Starting attempt 1 of 1
[2020-01-20 14:14:04,473] {taskinstance.py:868} INFO - 
--------------------------------------------------------------------------------
[2020-01-20 14:14:04,479] {taskinstance.py:887} INFO - Executing <Task(PythonOperator): send_replies> on 2020-01-20T00:30:00+00:00
[2020-01-20 14:14:04,481] {standard_task_runner.py:52} INFO - Started process 5762 to run task
[2020-01-20 14:14:04,517] {logging_mixin.py:112} INFO - [2020-01-20 14:14:04,516] {dagbag.py:403} INFO - Filling up the DagBag from /Users/aneeshmakala/Documents/ComputerScience/datascience/hapPy/airflow/dags/process_replies.py
[2020-01-20 14:14:04,536] {logging_mixin.py:112} INFO - Running %s on host %s <TaskInstance: process_replies.send_replies 2020-01-20T00:30:00+00:00 [running]> 1.0.0.0.0.0.0.0.0.0.0.0.0.0.0.0.0.0.0.0.0.0.0.0.0.0.0.0.0.0.0.0.ip6.arpa
[2020-01-20 14:14:04,548] {python_operator.py:105} INFO - Exporting the following env vars:
AIRFLOW_CTX_DAG_EMAIL=makalaaneesh18@mail.com
AIRFLOW_CTX_DAG_OWNER=me
AIRFLOW_CTX_DAG_ID=process_replies
AIRFLOW_CTX_TASK_ID=send_replies
AIRFLOW_CTX_EXECUTION_DATE=2020-01-20T00:30:00+00:00
AIRFLOW_CTX_DAG_RUN_ID=scheduled__2020-01-20T00:30:00+00:00
[2020-01-20 14:14:04,551] {logging_mixin.py:112} INFO - [2020-01-20 14:14:04,551] {base_hook.py:84} INFO - Using connection to: id: mongo_default. Host: 127.0.0.1, Port: 27017, Schema: None, Login: None, Password: None, extra: None
[2020-01-20 14:14:04,557] {logging_mixin.py:112} INFO - {'_id': '1218914084386562048', 'text': 'Life is going to punch us in the face at some point. How we respond when it happens is all we will be able to contr… https://t.co/hiFZ0OwKAh', 'reply': 'Sometimes, life will kick you around, but sooner or later, you realize you’re not just a survivor. You’re a warrior, and you’re stronger than anything life throws your way. - Brooke Davis #MentalHealth #MentalHealthAwareness'}
[2020-01-20 14:14:04,557] {logging_mixin.py:112} INFO - {'_id': '1218913966493184000', 'text': '@BethMooreLPM “I’m asking GOD for one thing, only one thing: To live with him in his house my whole life long. I’ll… https://t.co/g2uxpoVfQF', 'reply': 'Sometimes, life will kick you around, but sooner or later, you realize you’re not just a survivor. You’re a warrior, and you’re stronger than anything life throws your way. - Brooke Davis #MentalHealth #MentalHealthAwareness'}
[2020-01-20 14:14:04,558] {logging_mixin.py:112} INFO - {'_id': '1218913970880278529', 'text': '@helloRoseLope I am so so so happy for this group. You deserve everything that life has to offer. Continue reaching… https://t.co/ERNE9Wg6SF', 'reply': 'Sometimes, life will kick you around, but sooner or later, you realize you’re not just a survivor. You’re a warrior, and you’re stronger than anything life throws your way. - Brooke Davis #MentalHealth #MentalHealthAwareness'}
[2020-01-20 14:14:04,558] {logging_mixin.py:112} INFO - {'_id': '1218913850952544256', 'text': '@JimMatMoi even my armyzens moots hate me too 😔🚶\u200d♀️this life aint fair', 'reply': 'Sometimes, life will kick you around, but sooner or later, you realize you’re not just a survivor. You’re a warrior, and you’re stronger than anything life throws your way. - Brooke Davis #MentalHealth #MentalHealthAwareness'}
[2020-01-20 14:14:04,558] {logging_mixin.py:112} INFO - {'_id': '1218914037951619072', 'text': '@Kephrii Y’know, I always felt like my life was missing something. Little did I know, it was explicitly detailed 8… https://t.co/IY1Y3OAe6z', 'reply': 'Sometimes, life will kick you around, but sooner or later, you realize you’re not just a survivor. You’re a warrior, and you’re stronger than anything life throws your way. - Brooke Davis #MentalHealth #MentalHealthAwareness'}
[2020-01-20 14:14:04,559] {logging_mixin.py:112} INFO - [2020-01-20 14:14:04,558] {tweet_reply.py:39} INFO - Inserting replies in tweet_replies collection
[2020-01-20 14:14:04,562] {logging_mixin.py:112} INFO - [2020-01-20 14:14:04,562] {tweet_reply.py:24} INFO - deleting tweets from tweets collection
[2020-01-20 14:14:04,564] {logging_mixin.py:112} INFO - [2020-01-20 14:14:04,563] {tweet_reply.py:35} INFO - Succesfully deleted 5 docs
[2020-01-20 14:14:04,564] {python_operator.py:114} INFO - Done. Returned value was: None
[2020-01-20 14:14:14,459] {logging_mixin.py:112} INFO - [2020-01-20 14:14:14,458] {local_task_job.py:103} INFO - Task exited with return code 0
