[2020-01-20 14:02:55,426] {taskinstance.py:655} INFO - Dependencies all met for <TaskInstance: process_replies.send_replies 2019-10-09T00:50:00+00:00 [queued]>
[2020-01-20 14:02:55,433] {taskinstance.py:655} INFO - Dependencies all met for <TaskInstance: process_replies.send_replies 2019-10-09T00:50:00+00:00 [queued]>
[2020-01-20 14:02:55,434] {taskinstance.py:866} INFO - 
--------------------------------------------------------------------------------
[2020-01-20 14:02:55,434] {taskinstance.py:867} INFO - Starting attempt 1 of 1
[2020-01-20 14:02:55,434] {taskinstance.py:868} INFO - 
--------------------------------------------------------------------------------
[2020-01-20 14:02:55,441] {taskinstance.py:887} INFO - Executing <Task(PythonOperator): send_replies> on 2019-10-09T00:50:00+00:00
[2020-01-20 14:02:55,443] {standard_task_runner.py:52} INFO - Started process 5511 to run task
[2020-01-20 14:02:55,485] {logging_mixin.py:112} INFO - [2020-01-20 14:02:55,484] {dagbag.py:403} INFO - Filling up the DagBag from /Users/aneeshmakala/Documents/ComputerScience/datascience/hapPy/airflow/dags/process_replies.py
[2020-01-20 14:02:55,507] {logging_mixin.py:112} INFO - Running %s on host %s <TaskInstance: process_replies.send_replies 2019-10-09T00:50:00+00:00 [running]> Aneeshs-MacBook-Pro.local
[2020-01-20 14:02:55,520] {python_operator.py:105} INFO - Exporting the following env vars:
AIRFLOW_CTX_DAG_EMAIL=makalaaneesh18@mail.com
AIRFLOW_CTX_DAG_OWNER=me
AIRFLOW_CTX_DAG_ID=process_replies
AIRFLOW_CTX_TASK_ID=send_replies
AIRFLOW_CTX_EXECUTION_DATE=2019-10-09T00:50:00+00:00
AIRFLOW_CTX_DAG_RUN_ID=scheduled__2019-10-09T00:50:00+00:00
[2020-01-20 14:02:55,524] {logging_mixin.py:112} INFO - [2020-01-20 14:02:55,524] {base_hook.py:84} INFO - Using connection to: id: mongo_default. Host: 127.0.0.1, Port: 27017, Schema: None, Login: None, Password: None, extra: None
[2020-01-20 14:02:55,534] {logging_mixin.py:112} INFO - {'_id': '1218913944103899137', 'text': '19. An unexamined life is not worth living. –Socrates', 'reply': 'Sometimes, life will kick you around, but sooner or later, you realize you’re not just a survivor. You’re a warrior, and you’re stronger than anything life throws your way. - Brooke Davis #MentalHealth #MentalHealthAwareness'}
[2020-01-20 14:02:55,535] {logging_mixin.py:112} INFO - {'_id': '1218914126048702473', 'text': '@DavidBurchael @SartorialThug @In_A_Flap lol i bet you’ve never thrown a punch in anger in your life', 'reply': 'Sometimes, life will kick you around, but sooner or later, you realize you’re not just a survivor. You’re a warrior, and you’re stronger than anything life throws your way. - Brooke Davis #MentalHealth #MentalHealthAwareness'}
[2020-01-20 14:02:55,535] {logging_mixin.py:112} INFO - {'_id': '1218913956808531969', 'text': 'life sucks', 'reply': 'Sometimes, life will kick you around, but sooner or later, you realize you’re not just a survivor. You’re a warrior, and you’re stronger than anything life throws your way. - Brooke Davis #MentalHealth #MentalHealthAwareness'}
[2020-01-20 14:02:55,536] {logging_mixin.py:112} INFO - {'_id': '1218913895668051970', 'text': "I'm tired of being in the human race\nGot the judge but beat the fuckin' case.\nWhy can't I be like this, with a silv… https://t.co/h7oTxsAPF1", 'reply': 'Sometimes, life will kick you around, but sooner or later, you realize you’re not just a survivor. You’re a warrior, and you’re stronger than anything life throws your way. - Brooke Davis #MentalHealth #MentalHealthAwareness'}
[2020-01-20 14:02:55,536] {logging_mixin.py:112} INFO - {'_id': '1218914015398768642', 'text': '“When you’re not well equipped, life’s journey always seems longer. We endure what we should have enjoyed; survive… https://t.co/qAujG00wmr', 'reply': 'Sometimes, life will kick you around, but sooner or later, you realize you’re not just a survivor. You’re a warrior, and you’re stronger than anything life throws your way. - Brooke Davis #MentalHealth #MentalHealthAwareness'}
[2020-01-20 14:02:55,537] {logging_mixin.py:112} INFO - [2020-01-20 14:02:55,536] {tweet_reply.py:39} INFO - Inserting replies in tweet_replies collection
[2020-01-20 14:02:55,540] {logging_mixin.py:112} INFO - [2020-01-20 14:02:55,539] {tweet_reply.py:24} INFO - deleting tweets from tweets collection
[2020-01-20 14:02:55,541] {logging_mixin.py:112} INFO - [2020-01-20 14:02:55,541] {tweet_reply.py:35} INFO - Succesfully deleted 5 docs
[2020-01-20 14:02:55,542] {python_operator.py:114} INFO - Done. Returned value was: None
[2020-01-20 14:03:05,417] {logging_mixin.py:112} INFO - [2020-01-20 14:03:05,417] {local_task_job.py:103} INFO - Task exited with return code 0
