[2020-01-20 14:30:16,316] {taskinstance.py:655} INFO - Dependencies all met for <TaskInstance: process_replies.send_replies 2020-01-20T03:10:00+00:00 [queued]>
[2020-01-20 14:30:16,322] {taskinstance.py:655} INFO - Dependencies all met for <TaskInstance: process_replies.send_replies 2020-01-20T03:10:00+00:00 [queued]>
[2020-01-20 14:30:16,322] {taskinstance.py:866} INFO - 
--------------------------------------------------------------------------------
[2020-01-20 14:30:16,322] {taskinstance.py:867} INFO - Starting attempt 1 of 1
[2020-01-20 14:30:16,322] {taskinstance.py:868} INFO - 
--------------------------------------------------------------------------------
[2020-01-20 14:30:16,329] {taskinstance.py:887} INFO - Executing <Task(PythonOperator): send_replies> on 2020-01-20T03:10:00+00:00
[2020-01-20 14:30:16,331] {standard_task_runner.py:52} INFO - Started process 6324 to run task
[2020-01-20 14:30:16,370] {logging_mixin.py:112} INFO - [2020-01-20 14:30:16,369] {dagbag.py:403} INFO - Filling up the DagBag from /Users/aneeshmakala/Documents/ComputerScience/datascience/hapPy/airflow/dags/process_replies.py
[2020-01-20 14:30:16,388] {logging_mixin.py:112} INFO - Running %s on host %s <TaskInstance: process_replies.send_replies 2020-01-20T03:10:00+00:00 [running]> 1.0.0.0.0.0.0.0.0.0.0.0.0.0.0.0.0.0.0.0.0.0.0.0.0.0.0.0.0.0.0.0.ip6.arpa
[2020-01-20 14:30:16,402] {python_operator.py:105} INFO - Exporting the following env vars:
AIRFLOW_CTX_DAG_EMAIL=makalaaneesh18@mail.com
AIRFLOW_CTX_DAG_OWNER=me
AIRFLOW_CTX_DAG_ID=process_replies
AIRFLOW_CTX_TASK_ID=send_replies
AIRFLOW_CTX_EXECUTION_DATE=2020-01-20T03:10:00+00:00
AIRFLOW_CTX_DAG_RUN_ID=scheduled__2020-01-20T03:10:00+00:00
[2020-01-20 14:30:16,406] {logging_mixin.py:112} INFO - [2020-01-20 14:30:16,406] {base_hook.py:84} INFO - Using connection to: id: mongo_default. Host: 127.0.0.1, Port: 27017, Schema: None, Login: None, Password: None, extra: None
[2020-01-20 14:30:16,416] {logging_mixin.py:112} INFO - {'_id': '1219173433260609536', 'text': 'I feel like Christians personalise God Abit too much. What’s wrong with always asking God for something? Why should… https://t.co/CvEAzm10cO', 'reply': 'Sometimes, life will kick you around, but sooner or later, you realize you’re not just a survivor. You’re a warrior, and you’re stronger than anything life throws your way. - Brooke Davis #MentalHealth #MentalHealthAwareness'}
[2020-01-20 14:30:16,416] {logging_mixin.py:112} INFO - {'_id': '1218913911786721280', 'text': 'Q. Things you want to do personally\nFurukawa: There are lots of things that I want to do. Age-wise, my time limit i… https://t.co/WrB0rIiBJA', 'reply': 'Sometimes, life will kick you around, but sooner or later, you realize you’re not just a survivor. You’re a warrior, and you’re stronger than anything life throws your way. - Brooke Davis #MentalHealth #MentalHealthAwareness'}
[2020-01-20 14:30:16,417] {logging_mixin.py:112} INFO - {'_id': '1218913856745082880', 'text': 'Kard wasn’t planned to debut from the start but the hiddens made them debut. I can’t think of a life without Kard,… https://t.co/LBrPUWgKxu', 'reply': 'Sometimes, life will kick you around, but sooner or later, you realize you’re not just a survivor. You’re a warrior, and you’re stronger than anything life throws your way. - Brooke Davis #MentalHealth #MentalHealthAwareness'}
[2020-01-20 14:30:16,417] {logging_mixin.py:112} INFO - {'_id': '1218913966262489090', 'text': '@legallybombb @victoriousone__ Life changing lol! Didn’t even think drinking water like this was possible but just… https://t.co/PQbmV3HhFt', 'reply': 'Sometimes, life will kick you around, but sooner or later, you realize you’re not just a survivor. You’re a warrior, and you’re stronger than anything life throws your way. - Brooke Davis #MentalHealth #MentalHealthAwareness'}
[2020-01-20 14:30:16,417] {logging_mixin.py:112} INFO - {'_id': '1218914158558748672', 'text': 'I really just need my life to work out', 'reply': 'Sometimes, life will kick you around, but sooner or later, you realize you’re not just a survivor. You’re a warrior, and you’re stronger than anything life throws your way. - Brooke Davis #MentalHealth #MentalHealthAwareness'}
[2020-01-20 14:30:16,418] {logging_mixin.py:112} INFO - [2020-01-20 14:30:16,418] {tweet_reply.py:39} INFO - Inserting replies in tweet_replies collection
[2020-01-20 14:30:16,421] {logging_mixin.py:112} INFO - [2020-01-20 14:30:16,421] {tweet_reply.py:24} INFO - deleting tweets from tweets collection
[2020-01-20 14:30:16,423] {logging_mixin.py:112} INFO - [2020-01-20 14:30:16,423] {tweet_reply.py:35} INFO - Succesfully deleted 5 docs
[2020-01-20 14:30:16,423] {python_operator.py:114} INFO - Done. Returned value was: None
[2020-01-20 14:30:26,313] {logging_mixin.py:112} INFO - [2020-01-20 14:30:26,312] {local_task_job.py:103} INFO - Task exited with return code 0
