[2020-01-20 14:29:17,957] {taskinstance.py:655} INFO - Dependencies all met for <TaskInstance: process_replies.send_replies 2020-01-20T03:00:00+00:00 [queued]>
[2020-01-20 14:29:17,965] {taskinstance.py:655} INFO - Dependencies all met for <TaskInstance: process_replies.send_replies 2020-01-20T03:00:00+00:00 [queued]>
[2020-01-20 14:29:17,965] {taskinstance.py:866} INFO - 
--------------------------------------------------------------------------------
[2020-01-20 14:29:17,965] {taskinstance.py:867} INFO - Starting attempt 1 of 1
[2020-01-20 14:29:17,965] {taskinstance.py:868} INFO - 
--------------------------------------------------------------------------------
[2020-01-20 14:29:17,972] {taskinstance.py:887} INFO - Executing <Task(PythonOperator): send_replies> on 2020-01-20T03:00:00+00:00
[2020-01-20 14:29:17,974] {standard_task_runner.py:52} INFO - Started process 6294 to run task
[2020-01-20 14:29:18,013] {logging_mixin.py:112} INFO - [2020-01-20 14:29:18,012] {dagbag.py:403} INFO - Filling up the DagBag from /Users/aneeshmakala/Documents/ComputerScience/datascience/hapPy/airflow/dags/process_replies.py
[2020-01-20 14:29:18,037] {logging_mixin.py:112} INFO - Running %s on host %s <TaskInstance: process_replies.send_replies 2020-01-20T03:00:00+00:00 [running]> 1.0.0.0.0.0.0.0.0.0.0.0.0.0.0.0.0.0.0.0.0.0.0.0.0.0.0.0.0.0.0.0.ip6.arpa
[2020-01-20 14:29:18,051] {python_operator.py:105} INFO - Exporting the following env vars:
AIRFLOW_CTX_DAG_EMAIL=makalaaneesh18@mail.com
AIRFLOW_CTX_DAG_OWNER=me
AIRFLOW_CTX_DAG_ID=process_replies
AIRFLOW_CTX_TASK_ID=send_replies
AIRFLOW_CTX_EXECUTION_DATE=2020-01-20T03:00:00+00:00
AIRFLOW_CTX_DAG_RUN_ID=scheduled__2020-01-20T03:00:00+00:00
[2020-01-20 14:29:18,058] {logging_mixin.py:112} INFO - [2020-01-20 14:29:18,057] {base_hook.py:84} INFO - Using connection to: id: mongo_default. Host: 127.0.0.1, Port: 27017, Schema: None, Login: None, Password: None, extra: None
[2020-01-20 14:29:18,068] {logging_mixin.py:112} INFO - {'_id': '1218914041604857856', 'text': 'Im always grateful and thankful for what I have in life no matter the circumstances, my motto is always keep a smil… https://t.co/R8cTDd1NXG', 'reply': 'Sometimes, life will kick you around, but sooner or later, you realize you’re not just a survivor. You’re a warrior, and you’re stronger than anything life throws your way. - Brooke Davis #MentalHealth #MentalHealthAwareness'}
[2020-01-20 14:29:18,068] {logging_mixin.py:112} INFO - {'_id': '1218914123427262464', 'text': '@mradamwelcome @nbartley6 I’m a Paraprofessional however that doesn’t mean I don’t HEAR what the students are sayin… https://t.co/rcYibidWxN', 'reply': 'Sometimes, life will kick you around, but sooner or later, you realize you’re not just a survivor. You’re a warrior, and you’re stronger than anything life throws your way. - Brooke Davis #MentalHealth #MentalHealthAwareness'}
[2020-01-20 14:29:18,068] {logging_mixin.py:112} INFO - {'_id': '1218913879389945857', 'text': '@Jamierodr14 I am so thankful I am a strong woman and don’t need this nonsense to fulfill my life. 😂😂😂', 'reply': 'Sometimes, life will kick you around, but sooner or later, you realize you’re not just a survivor. You’re a warrior, and you’re stronger than anything life throws your way. - Brooke Davis #MentalHealth #MentalHealthAwareness'}
[2020-01-20 14:29:18,069] {logging_mixin.py:112} INFO - {'_id': '1218913972088377344', 'text': "@TheLastRefuge2 @QAnonPatriot The kind of evil it takes in someone's soul to withhold supplies to people in a liter… https://t.co/75fk2edT2C", 'reply': 'Sometimes, life will kick you around, but sooner or later, you realize you’re not just a survivor. You’re a warrior, and you’re stronger than anything life throws your way. - Brooke Davis #MentalHealth #MentalHealthAwareness'}
[2020-01-20 14:29:18,070] {logging_mixin.py:112} INFO - {'_id': '1219170470404263938', 'text': 'Imagine Tommy o that killed a whole community is going free and moving on with life 😥😪😥.\n#EndOfMyPowerSeries.', 'reply': 'Sometimes, life will kick you around, but sooner or later, you realize you’re not just a survivor. You’re a warrior, and you’re stronger than anything life throws your way. - Brooke Davis #MentalHealth #MentalHealthAwareness'}
[2020-01-20 14:29:18,071] {logging_mixin.py:112} INFO - [2020-01-20 14:29:18,070] {tweet_reply.py:39} INFO - Inserting replies in tweet_replies collection
[2020-01-20 14:29:18,078] {logging_mixin.py:112} INFO - [2020-01-20 14:29:18,077] {tweet_reply.py:24} INFO - deleting tweets from tweets collection
[2020-01-20 14:29:18,092] {logging_mixin.py:112} INFO - [2020-01-20 14:29:18,091] {tweet_reply.py:35} INFO - Succesfully deleted 5 docs
[2020-01-20 14:29:18,092] {python_operator.py:114} INFO - Done. Returned value was: None
[2020-01-20 14:29:27,957] {logging_mixin.py:112} INFO - [2020-01-20 14:29:27,956] {local_task_job.py:103} INFO - Task exited with return code 0
