[2020-01-20 13:58:11,322] {taskinstance.py:655} INFO - Dependencies all met for <TaskInstance: process_replies.send_replies 2019-10-09T00:10:00+00:00 [queued]>
[2020-01-20 13:58:11,330] {taskinstance.py:655} INFO - Dependencies all met for <TaskInstance: process_replies.send_replies 2019-10-09T00:10:00+00:00 [queued]>
[2020-01-20 13:58:11,330] {taskinstance.py:866} INFO - 
--------------------------------------------------------------------------------
[2020-01-20 13:58:11,331] {taskinstance.py:867} INFO - Starting attempt 1 of 1
[2020-01-20 13:58:11,331] {taskinstance.py:868} INFO - 
--------------------------------------------------------------------------------
[2020-01-20 13:58:11,349] {taskinstance.py:887} INFO - Executing <Task(PythonOperator): send_replies> on 2019-10-09T00:10:00+00:00
[2020-01-20 13:58:11,351] {standard_task_runner.py:52} INFO - Started process 5316 to run task
[2020-01-20 13:58:11,393] {logging_mixin.py:112} INFO - [2020-01-20 13:58:11,392] {dagbag.py:403} INFO - Filling up the DagBag from /Users/aneeshmakala/Documents/ComputerScience/datascience/hapPy/airflow/dags/process_replies.py
[2020-01-20 13:58:11,411] {logging_mixin.py:112} INFO - Running %s on host %s <TaskInstance: process_replies.send_replies 2019-10-09T00:10:00+00:00 [running]> Aneeshs-MacBook-Pro.local
[2020-01-20 13:58:11,424] {python_operator.py:105} INFO - Exporting the following env vars:
AIRFLOW_CTX_DAG_EMAIL=makalaaneesh18@mail.com
AIRFLOW_CTX_DAG_OWNER=me
AIRFLOW_CTX_DAG_ID=process_replies
AIRFLOW_CTX_TASK_ID=send_replies
AIRFLOW_CTX_EXECUTION_DATE=2019-10-09T00:10:00+00:00
AIRFLOW_CTX_DAG_RUN_ID=scheduled__2019-10-09T00:10:00+00:00
[2020-01-20 13:58:11,430] {logging_mixin.py:112} INFO - [2020-01-20 13:58:11,429] {base_hook.py:84} INFO - Using connection to: id: mongo_default. Host: 127.0.0.1, Port: 27017, Schema: None, Login: None, Password: None, extra: None
[2020-01-20 13:58:11,571] {logging_mixin.py:112} INFO - {'_id': '1219173433403158530', 'text': 'Current phase of my life is titled ‘Not Enough’. Whether it’s feeling like or not doing.', 'reply': 'Sometimes, life will kick you around, but sooner or later, you realize you’re not just a survivor. You’re a warrior, and you’re stronger than anything life throws your way. - Brooke Davis #MentalHealth #MentalHealthAwareness'}
[2020-01-20 13:58:11,572] {logging_mixin.py:112} INFO - {'_id': '1219170468411990016', 'text': '“i want to be alone.. and for the first time in my life i really, truly mean it”', 'reply': 'Sometimes, life will kick you around, but sooner or later, you realize you’re not just a survivor. You’re a warrior, and you’re stronger than anything life throws your way. - Brooke Davis #MentalHealth #MentalHealthAwareness'}
[2020-01-20 13:58:11,572] {logging_mixin.py:112} INFO - {'_id': '1218913995274539014', 'text': '@lowercaseB_ I’m crying inside for her. Life as a shorty shouldn’t be so rough 😭', 'reply': 'Sometimes, life will kick you around, but sooner or later, you realize you’re not just a survivor. You’re a warrior, and you’re stronger than anything life throws your way. - Brooke Davis #MentalHealth #MentalHealthAwareness'}
[2020-01-20 13:58:11,572] {logging_mixin.py:112} INFO - {'_id': '1218914077537423365', 'text': 'Knowing that my Mother didn’t care how I was treated. She doesn’t care how anyone is treated besides her. One way s… https://t.co/V516bQdaB5', 'reply': 'Sometimes, life will kick you around, but sooner or later, you realize you’re not just a survivor. You’re a warrior, and you’re stronger than anything life throws your way. - Brooke Davis #MentalHealth #MentalHealthAwareness'}
[2020-01-20 13:58:11,573] {logging_mixin.py:112} INFO - {'_id': '1218913918418083841', 'text': "Honestly I'm so grateful for having friends that motivate me and constantly remind/push me towards life and my passions 🥰", 'reply': 'Sometimes, life will kick you around, but sooner or later, you realize you’re not just a survivor. You’re a warrior, and you’re stronger than anything life throws your way. - Brooke Davis #MentalHealth #MentalHealthAwareness'}
[2020-01-20 13:58:11,573] {logging_mixin.py:112} INFO - [2020-01-20 13:58:11,573] {tweet_reply.py:39} INFO - Inserting replies in tweet_replies collection
[2020-01-20 13:58:11,577] {logging_mixin.py:112} INFO - [2020-01-20 13:58:11,577] {tweet_reply.py:24} INFO - deleting tweets from tweets collection
[2020-01-20 13:58:11,596] {logging_mixin.py:112} INFO - [2020-01-20 13:58:11,596] {tweet_reply.py:35} INFO - Succesfully deleted 5 docs
[2020-01-20 13:58:11,597] {python_operator.py:114} INFO - Done. Returned value was: None
[2020-01-20 13:58:21,319] {logging_mixin.py:112} INFO - [2020-01-20 13:58:21,318] {local_task_job.py:103} INFO - Task exited with return code 0
