[2020-01-20 14:27:21,796] {taskinstance.py:655} INFO - Dependencies all met for <TaskInstance: process_replies.send_replies 2020-01-20T02:40:00+00:00 [queued]>
[2020-01-20 14:27:21,807] {taskinstance.py:655} INFO - Dependencies all met for <TaskInstance: process_replies.send_replies 2020-01-20T02:40:00+00:00 [queued]>
[2020-01-20 14:27:21,807] {taskinstance.py:866} INFO - 
--------------------------------------------------------------------------------
[2020-01-20 14:27:21,808] {taskinstance.py:867} INFO - Starting attempt 1 of 1
[2020-01-20 14:27:21,808] {taskinstance.py:868} INFO - 
--------------------------------------------------------------------------------
[2020-01-20 14:27:21,816] {taskinstance.py:887} INFO - Executing <Task(PythonOperator): send_replies> on 2020-01-20T02:40:00+00:00
[2020-01-20 14:27:21,819] {standard_task_runner.py:52} INFO - Started process 6225 to run task
[2020-01-20 14:27:21,879] {logging_mixin.py:112} INFO - [2020-01-20 14:27:21,878] {dagbag.py:403} INFO - Filling up the DagBag from /Users/aneeshmakala/Documents/ComputerScience/datascience/hapPy/airflow/dags/process_replies.py
[2020-01-20 14:27:21,903] {logging_mixin.py:112} INFO - Running %s on host %s <TaskInstance: process_replies.send_replies 2020-01-20T02:40:00+00:00 [running]> 1.0.0.0.0.0.0.0.0.0.0.0.0.0.0.0.0.0.0.0.0.0.0.0.0.0.0.0.0.0.0.0.ip6.arpa
[2020-01-20 14:27:21,923] {python_operator.py:105} INFO - Exporting the following env vars:
AIRFLOW_CTX_DAG_EMAIL=makalaaneesh18@mail.com
AIRFLOW_CTX_DAG_OWNER=me
AIRFLOW_CTX_DAG_ID=process_replies
AIRFLOW_CTX_TASK_ID=send_replies
AIRFLOW_CTX_EXECUTION_DATE=2020-01-20T02:40:00+00:00
AIRFLOW_CTX_DAG_RUN_ID=scheduled__2020-01-20T02:40:00+00:00
[2020-01-20 14:27:21,928] {logging_mixin.py:112} INFO - [2020-01-20 14:27:21,928] {base_hook.py:84} INFO - Using connection to: id: mongo_default. Host: 127.0.0.1, Port: 27017, Schema: None, Login: None, Password: None, extra: None
[2020-01-20 14:27:21,940] {logging_mixin.py:112} INFO - {'_id': '1218913933945458689', 'text': 'Daily reminder that everything always works itself out. Sometimes the result isn’t what you originally expected or… https://t.co/oHHsA9KCAx', 'reply': 'Sometimes, life will kick you around, but sooner or later, you realize you’re not just a survivor. You’re a warrior, and you’re stronger than anything life throws your way. - Brooke Davis #MentalHealth #MentalHealthAwareness'}
[2020-01-20 14:27:21,941] {logging_mixin.py:112} INFO - {'_id': '1218913861769875458', 'text': "No matter what comes up in my life, I know that 'This too, will pass'.", 'reply': 'Sometimes, life will kick you around, but sooner or later, you realize you’re not just a survivor. You’re a warrior, and you’re stronger than anything life throws your way. - Brooke Davis #MentalHealth #MentalHealthAwareness'}
[2020-01-20 14:27:21,941] {logging_mixin.py:112} INFO - {'_id': '1218913913426677762', 'text': "Q. What do you mean when you talk about your life's time limit?\nFurukawa: I'm slowly getting to an age where people… https://t.co/5zK29Obf26", 'reply': 'Sometimes, life will kick you around, but sooner or later, you realize you’re not just a survivor. You’re a warrior, and you’re stronger than anything life throws your way. - Brooke Davis #MentalHealth #MentalHealthAwareness'}
[2020-01-20 14:27:21,942] {logging_mixin.py:112} INFO - {'_id': '1218913971211767813', 'text': 'My entire life summed up', 'reply': 'Sometimes, life will kick you around, but sooner or later, you realize you’re not just a survivor. You’re a warrior, and you’re stronger than anything life throws your way. - Brooke Davis #MentalHealth #MentalHealthAwareness'}
[2020-01-20 14:27:21,942] {logging_mixin.py:112} INFO - {'_id': '1218914002975232001', 'text': '@_KINGGoD_ Idk what’s wrong with buddy but life has not been kind to him', 'reply': 'Sometimes, life will kick you around, but sooner or later, you realize you’re not just a survivor. You’re a warrior, and you’re stronger than anything life throws your way. - Brooke Davis #MentalHealth #MentalHealthAwareness'}
[2020-01-20 14:27:21,943] {logging_mixin.py:112} INFO - [2020-01-20 14:27:21,943] {tweet_reply.py:39} INFO - Inserting replies in tweet_replies collection
[2020-01-20 14:27:21,946] {logging_mixin.py:112} INFO - [2020-01-20 14:27:21,946] {tweet_reply.py:24} INFO - deleting tweets from tweets collection
[2020-01-20 14:27:21,948] {logging_mixin.py:112} INFO - [2020-01-20 14:27:21,947] {tweet_reply.py:35} INFO - Succesfully deleted 5 docs
[2020-01-20 14:27:21,948] {python_operator.py:114} INFO - Done. Returned value was: None
[2020-01-20 14:27:31,789] {logging_mixin.py:112} INFO - [2020-01-20 14:27:31,788] {local_task_job.py:103} INFO - Task exited with return code 0
