[2020-01-20 14:18:37,263] {taskinstance.py:655} INFO - Dependencies all met for <TaskInstance: process_replies.send_replies 2020-01-20T01:10:00+00:00 [queued]>
[2020-01-20 14:18:37,270] {taskinstance.py:655} INFO - Dependencies all met for <TaskInstance: process_replies.send_replies 2020-01-20T01:10:00+00:00 [queued]>
[2020-01-20 14:18:37,270] {taskinstance.py:866} INFO - 
--------------------------------------------------------------------------------
[2020-01-20 14:18:37,270] {taskinstance.py:867} INFO - Starting attempt 1 of 1
[2020-01-20 14:18:37,270] {taskinstance.py:868} INFO - 
--------------------------------------------------------------------------------
[2020-01-20 14:18:37,276] {taskinstance.py:887} INFO - Executing <Task(PythonOperator): send_replies> on 2020-01-20T01:10:00+00:00
[2020-01-20 14:18:37,278] {standard_task_runner.py:52} INFO - Started process 5905 to run task
[2020-01-20 14:18:37,319] {logging_mixin.py:112} INFO - [2020-01-20 14:18:37,319] {dagbag.py:403} INFO - Filling up the DagBag from /Users/aneeshmakala/Documents/ComputerScience/datascience/hapPy/airflow/dags/process_replies.py
[2020-01-20 14:18:37,340] {logging_mixin.py:112} INFO - Running %s on host %s <TaskInstance: process_replies.send_replies 2020-01-20T01:10:00+00:00 [running]> 1.0.0.0.0.0.0.0.0.0.0.0.0.0.0.0.0.0.0.0.0.0.0.0.0.0.0.0.0.0.0.0.ip6.arpa
[2020-01-20 14:18:37,435] {python_operator.py:105} INFO - Exporting the following env vars:
AIRFLOW_CTX_DAG_EMAIL=makalaaneesh18@mail.com
AIRFLOW_CTX_DAG_OWNER=me
AIRFLOW_CTX_DAG_ID=process_replies
AIRFLOW_CTX_TASK_ID=send_replies
AIRFLOW_CTX_EXECUTION_DATE=2020-01-20T01:10:00+00:00
AIRFLOW_CTX_DAG_RUN_ID=scheduled__2020-01-20T01:10:00+00:00
[2020-01-20 14:18:37,440] {logging_mixin.py:112} INFO - [2020-01-20 14:18:37,440] {base_hook.py:84} INFO - Using connection to: id: mongo_default. Host: 127.0.0.1, Port: 27017, Schema: None, Login: None, Password: None, extra: None
[2020-01-20 14:18:37,449] {logging_mixin.py:112} INFO - {'_id': '1218913970528161792', 'text': '@TalkingAboutBPD That’s...exACTLY whats happened to me my whole life. For the longest time I thought it was chronic… https://t.co/O0wbzxQyTM', 'reply': 'Sometimes, life will kick you around, but sooner or later, you realize you’re not just a survivor. You’re a warrior, and you’re stronger than anything life throws your way. - Brooke Davis #MentalHealth #MentalHealthAwareness'}
[2020-01-20 14:18:37,449] {logging_mixin.py:112} INFO - {'_id': '1219173431016640512', 'text': 'im decluttering my life', 'reply': 'Sometimes, life will kick you around, but sooner or later, you realize you’re not just a survivor. You’re a warrior, and you’re stronger than anything life throws your way. - Brooke Davis #MentalHealth #MentalHealthAwareness'}
[2020-01-20 14:18:37,450] {logging_mixin.py:112} INFO - {'_id': '1218914020591316992', 'text': 'men are real life garbage i’m so embarrassed to be attracted to such a fucking species', 'reply': 'Sometimes, life will kick you around, but sooner or later, you realize you’re not just a survivor. You’re a warrior, and you’re stronger than anything life throws your way. - Brooke Davis #MentalHealth #MentalHealthAwareness'}
[2020-01-20 14:18:37,450] {logging_mixin.py:112} INFO - {'_id': '1218914051021058048', 'text': '@caias @mowers Govt taking over your entire life with no way out!', 'reply': 'Sometimes, life will kick you around, but sooner or later, you realize you’re not just a survivor. You’re a warrior, and you’re stronger than anything life throws your way. - Brooke Davis #MentalHealth #MentalHealthAwareness'}
[2020-01-20 14:18:37,450] {logging_mixin.py:112} INFO - {'_id': '1218913846133280769', 'text': 'Life is amazing. Life is fucking messy. Life is what you make of it.\n\nFLY HIGH MAYWARDS\n#PUSHAwardsMayWards', 'reply': 'Sometimes, life will kick you around, but sooner or later, you realize you’re not just a survivor. You’re a warrior, and you’re stronger than anything life throws your way. - Brooke Davis #MentalHealth #MentalHealthAwareness'}
[2020-01-20 14:18:37,451] {logging_mixin.py:112} INFO - [2020-01-20 14:18:37,450] {tweet_reply.py:39} INFO - Inserting replies in tweet_replies collection
[2020-01-20 14:18:37,454] {logging_mixin.py:112} INFO - [2020-01-20 14:18:37,453] {tweet_reply.py:24} INFO - deleting tweets from tweets collection
[2020-01-20 14:18:37,455] {logging_mixin.py:112} INFO - [2020-01-20 14:18:37,455] {tweet_reply.py:35} INFO - Succesfully deleted 5 docs
[2020-01-20 14:18:37,455] {python_operator.py:114} INFO - Done. Returned value was: None
[2020-01-20 14:18:47,264] {logging_mixin.py:112} INFO - [2020-01-20 14:18:47,263] {local_task_job.py:103} INFO - Task exited with return code 0
