[2020-01-20 16:20:48,972] {taskinstance.py:655} INFO - Dependencies all met for <TaskInstance: process_replies.send_replies 2020-01-20T10:40:00+00:00 [queued]>
[2020-01-20 16:20:48,982] {taskinstance.py:655} INFO - Dependencies all met for <TaskInstance: process_replies.send_replies 2020-01-20T10:40:00+00:00 [queued]>
[2020-01-20 16:20:48,982] {taskinstance.py:866} INFO - 
--------------------------------------------------------------------------------
[2020-01-20 16:20:48,982] {taskinstance.py:867} INFO - Starting attempt 1 of 1
[2020-01-20 16:20:48,982] {taskinstance.py:868} INFO - 
--------------------------------------------------------------------------------
[2020-01-20 16:20:48,992] {taskinstance.py:887} INFO - Executing <Task(PythonOperator): send_replies> on 2020-01-20T10:40:00+00:00
[2020-01-20 16:20:48,994] {standard_task_runner.py:52} INFO - Started process 10798 to run task
[2020-01-20 16:20:49,041] {logging_mixin.py:112} INFO - [2020-01-20 16:20:49,040] {dagbag.py:403} INFO - Filling up the DagBag from /Users/aneeshmakala/Documents/ComputerScience/datascience/hapPy/airflow/dags/process_replies.py
[2020-01-20 16:20:49,058] {logging_mixin.py:112} INFO - Running %s on host %s <TaskInstance: process_replies.send_replies 2020-01-20T10:40:00+00:00 [running]> 1.0.0.0.0.0.0.0.0.0.0.0.0.0.0.0.0.0.0.0.0.0.0.0.0.0.0.0.0.0.0.0.ip6.arpa
[2020-01-20 16:20:49,082] {python_operator.py:105} INFO - Exporting the following env vars:
AIRFLOW_CTX_DAG_EMAIL=makalaaneesh18@mail.com
AIRFLOW_CTX_DAG_OWNER=me
AIRFLOW_CTX_DAG_ID=process_replies
AIRFLOW_CTX_TASK_ID=send_replies
AIRFLOW_CTX_EXECUTION_DATE=2020-01-20T10:40:00+00:00
AIRFLOW_CTX_DAG_RUN_ID=scheduled__2020-01-20T10:40:00+00:00
[2020-01-20 16:20:49,091] {logging_mixin.py:112} INFO - [2020-01-20 16:20:49,091] {base_hook.py:84} INFO - Using connection to: id: mongo_default. Host: 127.0.0.1, Port: 27017, Schema: None, Login: None, Password: None, extra: None
[2020-01-20 16:20:49,104] {logging_mixin.py:112} INFO - {'_id': '1219206009547182082', 'text': '@ArgentBearKing They said "fuck this shit, I\'m already tired of this life" 😂', 'reply': 'Sometimes, life will kick you around, but sooner or later, you realize you’re not just a survivor. You’re a warrior, and you’re stronger than anything life throws your way. - Brooke Davis #MentalHealth #MentalHealthAwareness'}
[2020-01-20 16:20:49,105] {logging_mixin.py:112} INFO - {'_id': '1219195971743223809', 'text': 'i think im in the worst depression ive experienced in my life', 'reply': 'Sometimes, life will kick you around, but sooner or later, you realize you’re not just a survivor. You’re a warrior, and you’re stronger than anything life throws your way. - Brooke Davis #MentalHealth #MentalHealthAwareness'}
[2020-01-20 16:20:49,105] {logging_mixin.py:112} INFO - {'_id': '1219195980496736257', 'text': 'Once you realize you don’t owe anyone anything, life gets a lot easier.', 'reply': 'Sometimes, life will kick you around, but sooner or later, you realize you’re not just a survivor. You’re a warrior, and you’re stronger than anything life throws your way. - Brooke Davis #MentalHealth #MentalHealthAwareness'}
[2020-01-20 16:20:49,105] {logging_mixin.py:112} INFO - {'_id': '1219194675896053760', 'text': 'For the fucking life of me why the fuck are niggas still in gangs in 2020 ?', 'reply': 'Sometimes, life will kick you around, but sooner or later, you realize you’re not just a survivor. You’re a warrior, and you’re stronger than anything life throws your way. - Brooke Davis #MentalHealth #MentalHealthAwareness'}
[2020-01-20 16:20:49,106] {logging_mixin.py:112} INFO - {'_id': '1219186178601058304', 'text': 'I think I need my life to be fucked out of me. Idk.', 'reply': 'Sometimes, life will kick you around, but sooner or later, you realize you’re not just a survivor. You’re a warrior, and you’re stronger than anything life throws your way. - Brooke Davis #MentalHealth #MentalHealthAwareness'}
[2020-01-20 16:20:49,106] {logging_mixin.py:112} INFO - [2020-01-20 16:20:49,106] {tweet_reply.py:39} INFO - Inserting replies in tweet_replies collection
[2020-01-20 16:20:49,108] {logging_mixin.py:112} INFO - [2020-01-20 16:20:49,108] {tweet_reply.py:24} INFO - deleting tweets from tweets collection
[2020-01-20 16:20:49,110] {logging_mixin.py:112} INFO - [2020-01-20 16:20:49,109] {tweet_reply.py:35} INFO - Succesfully deleted 5 docs
[2020-01-20 16:20:49,110] {python_operator.py:114} INFO - Done. Returned value was: None
[2020-01-20 16:20:58,968] {logging_mixin.py:112} INFO - [2020-01-20 16:20:58,968] {local_task_job.py:103} INFO - Task exited with return code 0
