[2020-01-20 14:00:33,042] {taskinstance.py:655} INFO - Dependencies all met for <TaskInstance: process_replies.send_replies 2019-10-09T00:30:00+00:00 [queued]>
[2020-01-20 14:00:33,049] {taskinstance.py:655} INFO - Dependencies all met for <TaskInstance: process_replies.send_replies 2019-10-09T00:30:00+00:00 [queued]>
[2020-01-20 14:00:33,049] {taskinstance.py:866} INFO - 
--------------------------------------------------------------------------------
[2020-01-20 14:00:33,049] {taskinstance.py:867} INFO - Starting attempt 1 of 1
[2020-01-20 14:00:33,049] {taskinstance.py:868} INFO - 
--------------------------------------------------------------------------------
[2020-01-20 14:00:33,055] {taskinstance.py:887} INFO - Executing <Task(PythonOperator): send_replies> on 2019-10-09T00:30:00+00:00
[2020-01-20 14:00:33,058] {standard_task_runner.py:52} INFO - Started process 5406 to run task
[2020-01-20 14:00:33,102] {logging_mixin.py:112} INFO - [2020-01-20 14:00:33,101] {dagbag.py:403} INFO - Filling up the DagBag from /Users/aneeshmakala/Documents/ComputerScience/datascience/hapPy/airflow/dags/process_replies.py
[2020-01-20 14:00:33,121] {logging_mixin.py:112} INFO - Running %s on host %s <TaskInstance: process_replies.send_replies 2019-10-09T00:30:00+00:00 [running]> Aneeshs-MacBook-Pro.local
[2020-01-20 14:00:33,136] {python_operator.py:105} INFO - Exporting the following env vars:
AIRFLOW_CTX_DAG_EMAIL=makalaaneesh18@mail.com
AIRFLOW_CTX_DAG_OWNER=me
AIRFLOW_CTX_DAG_ID=process_replies
AIRFLOW_CTX_TASK_ID=send_replies
AIRFLOW_CTX_EXECUTION_DATE=2019-10-09T00:30:00+00:00
AIRFLOW_CTX_DAG_RUN_ID=scheduled__2019-10-09T00:30:00+00:00
[2020-01-20 14:00:33,141] {logging_mixin.py:112} INFO - [2020-01-20 14:00:33,141] {base_hook.py:84} INFO - Using connection to: id: mongo_default. Host: 127.0.0.1, Port: 27017, Schema: None, Login: None, Password: None, extra: None
[2020-01-20 14:00:33,148] {logging_mixin.py:112} INFO - {'_id': '1218914032758947843', 'text': '@David_Leavitt You pathetic loser,get a life.', 'reply': 'Sometimes, life will kick you around, but sooner or later, you realize you’re not just a survivor. You’re a warrior, and you’re stronger than anything life throws your way. - Brooke Davis #MentalHealth #MentalHealthAwareness'}
[2020-01-20 14:00:33,149] {logging_mixin.py:112} INFO - {'_id': '1218913875359301638', 'text': 'Understanding consciousness has been the best investment of the past 6 months of my life.', 'reply': 'Sometimes, life will kick you around, but sooner or later, you realize you’re not just a survivor. You’re a warrior, and you’re stronger than anything life throws your way. - Brooke Davis #MentalHealth #MentalHealthAwareness'}
[2020-01-20 14:00:33,149] {logging_mixin.py:112} INFO - {'_id': '1218914027365117953', 'text': '"Toxic situations affect your skills development, work, attitude, personal life and health."', 'reply': 'Sometimes, life will kick you around, but sooner or later, you realize you’re not just a survivor. You’re a warrior, and you’re stronger than anything life throws your way. - Brooke Davis #MentalHealth #MentalHealthAwareness'}
[2020-01-20 14:00:33,149] {logging_mixin.py:112} INFO - {'_id': '1218914013989371908', 'text': '@PARTITIONSTAN According to some on twitter: if the people on my 600lbs life can’t fit them than Beyoncé don’t care about the people', 'reply': 'Sometimes, life will kick you around, but sooner or later, you realize you’re not just a survivor. You’re a warrior, and you’re stronger than anything life throws your way. - Brooke Davis #MentalHealth #MentalHealthAwareness'}
[2020-01-20 14:00:33,149] {logging_mixin.py:112} INFO - {'_id': '1218914106339708928', 'text': '@AnteMemoriam Nope it’s not “unanimous agreed upon” you’ve just had evidence of it not existing and why. You have r… https://t.co/j6vGyXTGvJ', 'reply': 'Sometimes, life will kick you around, but sooner or later, you realize you’re not just a survivor. You’re a warrior, and you’re stronger than anything life throws your way. - Brooke Davis #MentalHealth #MentalHealthAwareness'}
[2020-01-20 14:00:33,150] {logging_mixin.py:112} INFO - [2020-01-20 14:00:33,150] {tweet_reply.py:39} INFO - Inserting replies in tweet_replies collection
[2020-01-20 14:00:33,152] {logging_mixin.py:112} INFO - [2020-01-20 14:00:33,152] {tweet_reply.py:24} INFO - deleting tweets from tweets collection
[2020-01-20 14:00:33,154] {logging_mixin.py:112} INFO - [2020-01-20 14:00:33,153] {tweet_reply.py:35} INFO - Succesfully deleted 5 docs
[2020-01-20 14:00:33,154] {python_operator.py:114} INFO - Done. Returned value was: None
[2020-01-20 14:00:43,033] {logging_mixin.py:112} INFO - [2020-01-20 14:00:43,032] {local_task_job.py:103} INFO - Task exited with return code 0
