[2020-01-20 14:11:46,469] {taskinstance.py:655} INFO - Dependencies all met for <TaskInstance: process_replies.send_replies 2020-01-20T00:10:00+00:00 [queued]>
[2020-01-20 14:11:46,476] {taskinstance.py:655} INFO - Dependencies all met for <TaskInstance: process_replies.send_replies 2020-01-20T00:10:00+00:00 [queued]>
[2020-01-20 14:11:46,476] {taskinstance.py:866} INFO - 
--------------------------------------------------------------------------------
[2020-01-20 14:11:46,476] {taskinstance.py:867} INFO - Starting attempt 1 of 1
[2020-01-20 14:11:46,476] {taskinstance.py:868} INFO - 
--------------------------------------------------------------------------------
[2020-01-20 14:11:46,482] {taskinstance.py:887} INFO - Executing <Task(PythonOperator): send_replies> on 2020-01-20T00:10:00+00:00
[2020-01-20 14:11:46,483] {standard_task_runner.py:52} INFO - Started process 5691 to run task
[2020-01-20 14:11:46,520] {logging_mixin.py:112} INFO - [2020-01-20 14:11:46,519] {dagbag.py:403} INFO - Filling up the DagBag from /Users/aneeshmakala/Documents/ComputerScience/datascience/hapPy/airflow/dags/process_replies.py
[2020-01-20 14:11:46,539] {logging_mixin.py:112} INFO - Running %s on host %s <TaskInstance: process_replies.send_replies 2020-01-20T00:10:00+00:00 [running]> 1.0.0.0.0.0.0.0.0.0.0.0.0.0.0.0.0.0.0.0.0.0.0.0.0.0.0.0.0.0.0.0.ip6.arpa
[2020-01-20 14:11:46,550] {python_operator.py:105} INFO - Exporting the following env vars:
AIRFLOW_CTX_DAG_EMAIL=makalaaneesh18@mail.com
AIRFLOW_CTX_DAG_OWNER=me
AIRFLOW_CTX_DAG_ID=process_replies
AIRFLOW_CTX_TASK_ID=send_replies
AIRFLOW_CTX_EXECUTION_DATE=2020-01-20T00:10:00+00:00
AIRFLOW_CTX_DAG_RUN_ID=scheduled__2020-01-20T00:10:00+00:00
[2020-01-20 14:11:46,554] {logging_mixin.py:112} INFO - [2020-01-20 14:11:46,554] {base_hook.py:84} INFO - Using connection to: id: mongo_default. Host: 127.0.0.1, Port: 27017, Schema: None, Login: None, Password: None, extra: None
[2020-01-20 14:11:46,560] {logging_mixin.py:112} INFO - {'_id': '1218914000043462657', 'text': 'If some of y’all haven’t helped already, Eva still needs help getting past this horrible condition. Let’s get this… https://t.co/0CHrpkNbtQ', 'reply': 'Sometimes, life will kick you around, but sooner or later, you realize you’re not just a survivor. You’re a warrior, and you’re stronger than anything life throws your way. - Brooke Davis #MentalHealth #MentalHealthAwareness'}
[2020-01-20 14:11:46,561] {logging_mixin.py:112} INFO - {'_id': '1218913906095206400', 'text': 'Life is too short to wake up with regrets. Love the people who treat you right, Forget about the ones who don’t. Be… https://t.co/Wh3Qu2PktR', 'reply': 'Sometimes, life will kick you around, but sooner or later, you realize you’re not just a survivor. You’re a warrior, and you’re stronger than anything life throws your way. - Brooke Davis #MentalHealth #MentalHealthAwareness'}
[2020-01-20 14:11:46,561] {logging_mixin.py:112} INFO - {'_id': '1218914065537544193', 'text': '@Ismi_faid @BolajiDemola @toy_osii Inside life', 'reply': 'Sometimes, life will kick you around, but sooner or later, you realize you’re not just a survivor. You’re a warrior, and you’re stronger than anything life throws your way. - Brooke Davis #MentalHealth #MentalHealthAwareness'}
[2020-01-20 14:11:46,561] {logging_mixin.py:112} INFO - {'_id': '1218913949229383681', 'text': 'My Life??  I dont know what happened to the other link??? #RealTalk - Mob Type https://t.co/Yq13TrU1qO', 'reply': 'Sometimes, life will kick you around, but sooner or later, you realize you’re not just a survivor. You’re a warrior, and you’re stronger than anything life throws your way. - Brooke Davis #MentalHealth #MentalHealthAwareness'}
[2020-01-20 14:11:46,561] {logging_mixin.py:112} INFO - {'_id': '1218914049624285185', 'text': '@melaninxsecrets the hard life', 'reply': 'Sometimes, life will kick you around, but sooner or later, you realize you’re not just a survivor. You’re a warrior, and you’re stronger than anything life throws your way. - Brooke Davis #MentalHealth #MentalHealthAwareness'}
[2020-01-20 14:11:46,562] {logging_mixin.py:112} INFO - [2020-01-20 14:11:46,562] {tweet_reply.py:39} INFO - Inserting replies in tweet_replies collection
[2020-01-20 14:11:46,565] {logging_mixin.py:112} INFO - [2020-01-20 14:11:46,564] {tweet_reply.py:24} INFO - deleting tweets from tweets collection
[2020-01-20 14:11:46,566] {logging_mixin.py:112} INFO - [2020-01-20 14:11:46,566] {tweet_reply.py:35} INFO - Succesfully deleted 5 docs
[2020-01-20 14:11:46,566] {python_operator.py:114} INFO - Done. Returned value was: None
[2020-01-20 14:11:56,461] {logging_mixin.py:112} INFO - [2020-01-20 14:11:56,460] {local_task_job.py:103} INFO - Task exited with return code 0
