[2020-01-20 14:17:29,287] {taskinstance.py:655} INFO - Dependencies all met for <TaskInstance: process_replies.send_replies 2020-01-20T01:00:00+00:00 [queued]>
[2020-01-20 14:17:29,293] {taskinstance.py:655} INFO - Dependencies all met for <TaskInstance: process_replies.send_replies 2020-01-20T01:00:00+00:00 [queued]>
[2020-01-20 14:17:29,293] {taskinstance.py:866} INFO - 
--------------------------------------------------------------------------------
[2020-01-20 14:17:29,293] {taskinstance.py:867} INFO - Starting attempt 1 of 1
[2020-01-20 14:17:29,294] {taskinstance.py:868} INFO - 
--------------------------------------------------------------------------------
[2020-01-20 14:17:29,300] {taskinstance.py:887} INFO - Executing <Task(PythonOperator): send_replies> on 2020-01-20T01:00:00+00:00
[2020-01-20 14:17:29,302] {standard_task_runner.py:52} INFO - Started process 5872 to run task
[2020-01-20 14:17:29,339] {logging_mixin.py:112} INFO - [2020-01-20 14:17:29,338] {dagbag.py:403} INFO - Filling up the DagBag from /Users/aneeshmakala/Documents/ComputerScience/datascience/hapPy/airflow/dags/process_replies.py
[2020-01-20 14:17:29,361] {logging_mixin.py:112} INFO - Running %s on host %s <TaskInstance: process_replies.send_replies 2020-01-20T01:00:00+00:00 [running]> 1.0.0.0.0.0.0.0.0.0.0.0.0.0.0.0.0.0.0.0.0.0.0.0.0.0.0.0.0.0.0.0.ip6.arpa
[2020-01-20 14:17:29,374] {python_operator.py:105} INFO - Exporting the following env vars:
AIRFLOW_CTX_DAG_EMAIL=makalaaneesh18@mail.com
AIRFLOW_CTX_DAG_OWNER=me
AIRFLOW_CTX_DAG_ID=process_replies
AIRFLOW_CTX_TASK_ID=send_replies
AIRFLOW_CTX_EXECUTION_DATE=2020-01-20T01:00:00+00:00
AIRFLOW_CTX_DAG_RUN_ID=scheduled__2020-01-20T01:00:00+00:00
[2020-01-20 14:17:29,380] {logging_mixin.py:112} INFO - [2020-01-20 14:17:29,379] {base_hook.py:84} INFO - Using connection to: id: mongo_default. Host: 127.0.0.1, Port: 27017, Schema: None, Login: None, Password: None, extra: None
[2020-01-20 14:17:29,395] {logging_mixin.py:112} INFO - {'_id': '1219173435227557888', 'text': '@arikarmstead Niner For Life !!!', 'reply': 'Sometimes, life will kick you around, but sooner or later, you realize you’re not just a survivor. You’re a warrior, and you’re stronger than anything life throws your way. - Brooke Davis #MentalHealth #MentalHealthAwareness'}
[2020-01-20 14:17:29,395] {logging_mixin.py:112} INFO - {'_id': '1218914154267856896', 'text': '@ZidanSkywalker Becareful of your life... wkwkwk', 'reply': 'Sometimes, life will kick you around, but sooner or later, you realize you’re not just a survivor. You’re a warrior, and you’re stronger than anything life throws your way. - Brooke Davis #MentalHealth #MentalHealthAwareness'}
[2020-01-20 14:17:29,396] {logging_mixin.py:112} INFO - {'_id': '1218913929876783104', 'text': 'A kind of false pride has been developing in the brains of these kids that once you crack iit it’s end of life. The… https://t.co/bi7nf0SmXO', 'reply': 'Sometimes, life will kick you around, but sooner or later, you realize you’re not just a survivor. You’re a warrior, and you’re stronger than anything life throws your way. - Brooke Davis #MentalHealth #MentalHealthAwareness'}
[2020-01-20 14:17:29,396] {logging_mixin.py:112} INFO - {'_id': '1218914039356706818', 'text': '@DeniseG53 @KellyannePolls I could have gone my entire life without seeing that. It would have cost you nothing to not show that to me 🤮', 'reply': 'Sometimes, life will kick you around, but sooner or later, you realize you’re not just a survivor. You’re a warrior, and you’re stronger than anything life throws your way. - Brooke Davis #MentalHealth #MentalHealthAwareness'}
[2020-01-20 14:17:29,396] {logging_mixin.py:112} INFO - {'_id': '1218913980925739008', 'text': '@CaraidArt Weirdly, the Sims. I only play it when I feel like everything is out of control, so I can feel like I ha… https://t.co/TMKvA4cku2', 'reply': 'Sometimes, life will kick you around, but sooner or later, you realize you’re not just a survivor. You’re a warrior, and you’re stronger than anything life throws your way. - Brooke Davis #MentalHealth #MentalHealthAwareness'}
[2020-01-20 14:17:29,397] {logging_mixin.py:112} INFO - [2020-01-20 14:17:29,397] {tweet_reply.py:39} INFO - Inserting replies in tweet_replies collection
[2020-01-20 14:17:29,400] {logging_mixin.py:112} INFO - [2020-01-20 14:17:29,399] {tweet_reply.py:24} INFO - deleting tweets from tweets collection
[2020-01-20 14:17:29,402] {logging_mixin.py:112} INFO - [2020-01-20 14:17:29,401] {tweet_reply.py:35} INFO - Succesfully deleted 5 docs
[2020-01-20 14:17:29,402] {python_operator.py:114} INFO - Done. Returned value was: None
[2020-01-20 14:17:39,301] {logging_mixin.py:112} INFO - [2020-01-20 14:17:39,300] {local_task_job.py:103} INFO - Task exited with return code 0
