[2020-01-20 14:16:20,733] {taskinstance.py:655} INFO - Dependencies all met for <TaskInstance: process_replies.send_replies 2020-01-20T00:50:00+00:00 [queued]>
[2020-01-20 14:16:20,739] {taskinstance.py:655} INFO - Dependencies all met for <TaskInstance: process_replies.send_replies 2020-01-20T00:50:00+00:00 [queued]>
[2020-01-20 14:16:20,739] {taskinstance.py:866} INFO - 
--------------------------------------------------------------------------------
[2020-01-20 14:16:20,739] {taskinstance.py:867} INFO - Starting attempt 1 of 1
[2020-01-20 14:16:20,739] {taskinstance.py:868} INFO - 
--------------------------------------------------------------------------------
[2020-01-20 14:16:20,745] {taskinstance.py:887} INFO - Executing <Task(PythonOperator): send_replies> on 2020-01-20T00:50:00+00:00
[2020-01-20 14:16:20,747] {standard_task_runner.py:52} INFO - Started process 5834 to run task
[2020-01-20 14:16:20,786] {logging_mixin.py:112} INFO - [2020-01-20 14:16:20,785] {dagbag.py:403} INFO - Filling up the DagBag from /Users/aneeshmakala/Documents/ComputerScience/datascience/hapPy/airflow/dags/process_replies.py
[2020-01-20 14:16:20,804] {logging_mixin.py:112} INFO - Running %s on host %s <TaskInstance: process_replies.send_replies 2020-01-20T00:50:00+00:00 [running]> 1.0.0.0.0.0.0.0.0.0.0.0.0.0.0.0.0.0.0.0.0.0.0.0.0.0.0.0.0.0.0.0.ip6.arpa
[2020-01-20 14:16:20,816] {python_operator.py:105} INFO - Exporting the following env vars:
AIRFLOW_CTX_DAG_EMAIL=makalaaneesh18@mail.com
AIRFLOW_CTX_DAG_OWNER=me
AIRFLOW_CTX_DAG_ID=process_replies
AIRFLOW_CTX_TASK_ID=send_replies
AIRFLOW_CTX_EXECUTION_DATE=2020-01-20T00:50:00+00:00
AIRFLOW_CTX_DAG_RUN_ID=scheduled__2020-01-20T00:50:00+00:00
[2020-01-20 14:16:20,820] {logging_mixin.py:112} INFO - [2020-01-20 14:16:20,820] {base_hook.py:84} INFO - Using connection to: id: mongo_default. Host: 127.0.0.1, Port: 27017, Schema: None, Login: None, Password: None, extra: None
[2020-01-20 14:16:20,833] {logging_mixin.py:112} INFO - {'_id': '1218914092343353346', 'text': 'Stg this my life 😂😂😂', 'reply': 'Sometimes, life will kick you around, but sooner or later, you realize you’re not just a survivor. You’re a warrior, and you’re stronger than anything life throws your way. - Brooke Davis #MentalHealth #MentalHealthAwareness'}
[2020-01-20 14:16:20,833] {logging_mixin.py:112} INFO - {'_id': '1218914099754610689', 'text': 'Larger than life!', 'reply': 'Sometimes, life will kick you around, but sooner or later, you realize you’re not just a survivor. You’re a warrior, and you’re stronger than anything life throws your way. - Brooke Davis #MentalHealth #MentalHealthAwareness'}
[2020-01-20 14:16:20,834] {logging_mixin.py:112} INFO - {'_id': '1218914093546921984', 'text': 'Rebahan is my life', 'reply': 'Sometimes, life will kick you around, but sooner or later, you realize you’re not just a survivor. You’re a warrior, and you’re stronger than anything life throws your way. - Brooke Davis #MentalHealth #MentalHealthAwareness'}
[2020-01-20 14:16:20,834] {logging_mixin.py:112} INFO - {'_id': '1218913988106387458', 'text': 'more life broski ❤️❤️❤️❤️❤️', 'reply': 'Sometimes, life will kick you around, but sooner or later, you realize you’re not just a survivor. You’re a warrior, and you’re stronger than anything life throws your way. - Brooke Davis #MentalHealth #MentalHealthAwareness'}
[2020-01-20 14:16:20,834] {logging_mixin.py:112} INFO - {'_id': '1218914038937088001', 'text': "it's my life", 'reply': 'Sometimes, life will kick you around, but sooner or later, you realize you’re not just a survivor. You’re a warrior, and you’re stronger than anything life throws your way. - Brooke Davis #MentalHealth #MentalHealthAwareness'}
[2020-01-20 14:16:20,835] {logging_mixin.py:112} INFO - [2020-01-20 14:16:20,835] {tweet_reply.py:39} INFO - Inserting replies in tweet_replies collection
[2020-01-20 14:16:20,837] {logging_mixin.py:112} INFO - [2020-01-20 14:16:20,837] {tweet_reply.py:24} INFO - deleting tweets from tweets collection
[2020-01-20 14:16:20,838] {logging_mixin.py:112} INFO - [2020-01-20 14:16:20,838] {tweet_reply.py:35} INFO - Succesfully deleted 5 docs
[2020-01-20 14:16:20,839] {python_operator.py:114} INFO - Done. Returned value was: None
[2020-01-20 14:16:30,729] {logging_mixin.py:112} INFO - [2020-01-20 14:16:30,728] {local_task_job.py:103} INFO - Task exited with return code 0
