[2020-01-20 14:32:25,948] {taskinstance.py:655} INFO - Dependencies all met for <TaskInstance: process_replies.send_replies 2020-01-20T03:30:00+00:00 [queued]>
[2020-01-20 14:32:25,955] {taskinstance.py:655} INFO - Dependencies all met for <TaskInstance: process_replies.send_replies 2020-01-20T03:30:00+00:00 [queued]>
[2020-01-20 14:32:25,956] {taskinstance.py:866} INFO - 
--------------------------------------------------------------------------------
[2020-01-20 14:32:25,956] {taskinstance.py:867} INFO - Starting attempt 1 of 1
[2020-01-20 14:32:25,956] {taskinstance.py:868} INFO - 
--------------------------------------------------------------------------------
[2020-01-20 14:32:25,967] {taskinstance.py:887} INFO - Executing <Task(PythonOperator): send_replies> on 2020-01-20T03:30:00+00:00
[2020-01-20 14:32:25,969] {standard_task_runner.py:52} INFO - Started process 6396 to run task
[2020-01-20 14:32:26,031] {logging_mixin.py:112} INFO - [2020-01-20 14:32:26,030] {dagbag.py:403} INFO - Filling up the DagBag from /Users/aneeshmakala/Documents/ComputerScience/datascience/hapPy/airflow/dags/process_replies.py
[2020-01-20 14:32:26,052] {logging_mixin.py:112} INFO - Running %s on host %s <TaskInstance: process_replies.send_replies 2020-01-20T03:30:00+00:00 [running]> 1.0.0.0.0.0.0.0.0.0.0.0.0.0.0.0.0.0.0.0.0.0.0.0.0.0.0.0.0.0.0.0.ip6.arpa
[2020-01-20 14:32:26,068] {python_operator.py:105} INFO - Exporting the following env vars:
AIRFLOW_CTX_DAG_EMAIL=makalaaneesh18@mail.com
AIRFLOW_CTX_DAG_OWNER=me
AIRFLOW_CTX_DAG_ID=process_replies
AIRFLOW_CTX_TASK_ID=send_replies
AIRFLOW_CTX_EXECUTION_DATE=2020-01-20T03:30:00+00:00
AIRFLOW_CTX_DAG_RUN_ID=scheduled__2020-01-20T03:30:00+00:00
[2020-01-20 14:32:26,073] {logging_mixin.py:112} INFO - [2020-01-20 14:32:26,073] {base_hook.py:84} INFO - Using connection to: id: mongo_default. Host: 127.0.0.1, Port: 27017, Schema: None, Login: None, Password: None, extra: None
[2020-01-20 14:32:26,081] {logging_mixin.py:112} INFO - {'_id': '1218914162874601472', 'text': 'Trying to live the casual life', 'reply': 'Sometimes, life will kick you around, but sooner or later, you realize you’re not just a survivor. You’re a warrior, and you’re stronger than anything life throws your way. - Brooke Davis #MentalHealth #MentalHealthAwareness'}
[2020-01-20 14:32:26,081] {logging_mixin.py:112} INFO - {'_id': '1218913857038700544', 'text': '@electraIs So true. Spending some time with old people, you’ll see a lot of regret in their eyes 🐸 so go spend time… https://t.co/O2QQ0hLqF6', 'reply': 'Sometimes, life will kick you around, but sooner or later, you realize you’re not just a survivor. You’re a warrior, and you’re stronger than anything life throws your way. - Brooke Davis #MentalHealth #MentalHealthAwareness'}
[2020-01-20 14:32:26,081] {logging_mixin.py:112} INFO - {'_id': '1218914015390371842', 'text': '“I needed something real. But tonight I kissed you because I wanted you. I haven’t stopped wanting you since the ni… https://t.co/J9FIiQ84dg', 'reply': 'Sometimes, life will kick you around, but sooner or later, you realize you’re not just a survivor. You’re a warrior, and you’re stronger than anything life throws your way. - Brooke Davis #MentalHealth #MentalHealthAwareness'}
[2020-01-20 14:32:26,082] {logging_mixin.py:112} INFO - {'_id': '1218913891125616640', 'text': 'He is in such an excellent position right now, he wouldn’t even dare to live my life.', 'reply': 'Sometimes, life will kick you around, but sooner or later, you realize you’re not just a survivor. You’re a warrior, and you’re stronger than anything life throws your way. - Brooke Davis #MentalHealth #MentalHealthAwareness'}
[2020-01-20 14:32:26,082] {logging_mixin.py:112} INFO - {'_id': '1219173360212402176', 'text': 'I wanna be so many different things, but I only have one life.', 'reply': 'Sometimes, life will kick you around, but sooner or later, you realize you’re not just a survivor. You’re a warrior, and you’re stronger than anything life throws your way. - Brooke Davis #MentalHealth #MentalHealthAwareness'}
[2020-01-20 14:32:26,083] {logging_mixin.py:112} INFO - [2020-01-20 14:32:26,082] {tweet_reply.py:39} INFO - Inserting replies in tweet_replies collection
[2020-01-20 14:32:26,085] {logging_mixin.py:112} INFO - [2020-01-20 14:32:26,085] {tweet_reply.py:24} INFO - deleting tweets from tweets collection
[2020-01-20 14:32:26,086] {logging_mixin.py:112} INFO - [2020-01-20 14:32:26,086] {tweet_reply.py:35} INFO - Succesfully deleted 5 docs
[2020-01-20 14:32:26,087] {python_operator.py:114} INFO - Done. Returned value was: None
[2020-01-20 14:32:35,942] {logging_mixin.py:112} INFO - [2020-01-20 14:32:35,941] {local_task_job.py:103} INFO - Task exited with return code 0
