[2020-01-20 14:21:29,042] {taskinstance.py:655} INFO - Dependencies all met for <TaskInstance: process_replies.send_replies 2020-01-20T01:40:00+00:00 [queued]>
[2020-01-20 14:21:29,048] {taskinstance.py:655} INFO - Dependencies all met for <TaskInstance: process_replies.send_replies 2020-01-20T01:40:00+00:00 [queued]>
[2020-01-20 14:21:29,049] {taskinstance.py:866} INFO - 
--------------------------------------------------------------------------------
[2020-01-20 14:21:29,049] {taskinstance.py:867} INFO - Starting attempt 1 of 1
[2020-01-20 14:21:29,049] {taskinstance.py:868} INFO - 
--------------------------------------------------------------------------------
[2020-01-20 14:21:29,054] {taskinstance.py:887} INFO - Executing <Task(PythonOperator): send_replies> on 2020-01-20T01:40:00+00:00
[2020-01-20 14:21:29,056] {standard_task_runner.py:52} INFO - Started process 6001 to run task
[2020-01-20 14:21:29,097] {logging_mixin.py:112} INFO - [2020-01-20 14:21:29,096] {dagbag.py:403} INFO - Filling up the DagBag from /Users/aneeshmakala/Documents/ComputerScience/datascience/hapPy/airflow/dags/process_replies.py
[2020-01-20 14:21:29,115] {logging_mixin.py:112} INFO - Running %s on host %s <TaskInstance: process_replies.send_replies 2020-01-20T01:40:00+00:00 [running]> 1.0.0.0.0.0.0.0.0.0.0.0.0.0.0.0.0.0.0.0.0.0.0.0.0.0.0.0.0.0.0.0.ip6.arpa
[2020-01-20 14:21:29,127] {python_operator.py:105} INFO - Exporting the following env vars:
AIRFLOW_CTX_DAG_EMAIL=makalaaneesh18@mail.com
AIRFLOW_CTX_DAG_OWNER=me
AIRFLOW_CTX_DAG_ID=process_replies
AIRFLOW_CTX_TASK_ID=send_replies
AIRFLOW_CTX_EXECUTION_DATE=2020-01-20T01:40:00+00:00
AIRFLOW_CTX_DAG_RUN_ID=scheduled__2020-01-20T01:40:00+00:00
[2020-01-20 14:21:29,131] {logging_mixin.py:112} INFO - [2020-01-20 14:21:29,130] {base_hook.py:84} INFO - Using connection to: id: mongo_default. Host: 127.0.0.1, Port: 27017, Schema: None, Login: None, Password: None, extra: None
[2020-01-20 14:21:29,138] {logging_mixin.py:112} INFO - {'_id': '1218913959782170624', 'text': "let me try the feeling of being an important person in someone's life :((", 'reply': 'Sometimes, life will kick you around, but sooner or later, you realize you’re not just a survivor. You’re a warrior, and you’re stronger than anything life throws your way. - Brooke Davis #MentalHealth #MentalHealthAwareness'}
[2020-01-20 14:21:29,138] {logging_mixin.py:112} INFO - {'_id': '1218914050618294272', 'text': 'A8: Life is lived between the notes.  Give yourself quiet time to just be.  If you need to escape your current real… https://t.co/3LJGA7qcSv', 'reply': 'Sometimes, life will kick you around, but sooner or later, you realize you’re not just a survivor. You’re a warrior, and you’re stronger than anything life throws your way. - Brooke Davis #MentalHealth #MentalHealthAwareness'}
[2020-01-20 14:21:29,139] {logging_mixin.py:112} INFO - {'_id': '1218913930757779456', 'text': 'Why is it that when men have a good women in there’s life’s they always end up fucking them over!!', 'reply': 'Sometimes, life will kick you around, but sooner or later, you realize you’re not just a survivor. You’re a warrior, and you’re stronger than anything life throws your way. - Brooke Davis #MentalHealth #MentalHealthAwareness'}
[2020-01-20 14:21:29,139] {logging_mixin.py:112} INFO - {'_id': '1218913954543685638', 'text': "@FrannyWild @_SJPeace_ It depresses me to think how much life altering tech is probably stewing in some rich asshole's wallsafe.", 'reply': 'Sometimes, life will kick you around, but sooner or later, you realize you’re not just a survivor. You’re a warrior, and you’re stronger than anything life throws your way. - Brooke Davis #MentalHealth #MentalHealthAwareness'}
[2020-01-20 14:21:29,139] {logging_mixin.py:112} INFO - {'_id': '1219173359931547648', 'text': "I ate a whole ramen soup today , but it doesn't matter because in 1 week I will become a majestic submarine. I hate my life.", 'reply': 'Sometimes, life will kick you around, but sooner or later, you realize you’re not just a survivor. You’re a warrior, and you’re stronger than anything life throws your way. - Brooke Davis #MentalHealth #MentalHealthAwareness'}
[2020-01-20 14:21:29,140] {logging_mixin.py:112} INFO - [2020-01-20 14:21:29,139] {tweet_reply.py:39} INFO - Inserting replies in tweet_replies collection
[2020-01-20 14:21:29,142] {logging_mixin.py:112} INFO - [2020-01-20 14:21:29,142] {tweet_reply.py:24} INFO - deleting tweets from tweets collection
[2020-01-20 14:21:29,144] {logging_mixin.py:112} INFO - [2020-01-20 14:21:29,144] {tweet_reply.py:35} INFO - Succesfully deleted 5 docs
[2020-01-20 14:21:29,144] {python_operator.py:114} INFO - Done. Returned value was: None
[2020-01-20 14:21:39,048] {logging_mixin.py:112} INFO - [2020-01-20 14:21:39,048] {local_task_job.py:103} INFO - Task exited with return code 0
