[2020-01-20 14:26:23,711] {taskinstance.py:655} INFO - Dependencies all met for <TaskInstance: process_replies.send_replies 2020-01-20T02:30:00+00:00 [queued]>
[2020-01-20 14:26:23,718] {taskinstance.py:655} INFO - Dependencies all met for <TaskInstance: process_replies.send_replies 2020-01-20T02:30:00+00:00 [queued]>
[2020-01-20 14:26:23,719] {taskinstance.py:866} INFO - 
--------------------------------------------------------------------------------
[2020-01-20 14:26:23,719] {taskinstance.py:867} INFO - Starting attempt 1 of 1
[2020-01-20 14:26:23,719] {taskinstance.py:868} INFO - 
--------------------------------------------------------------------------------
[2020-01-20 14:26:23,726] {taskinstance.py:887} INFO - Executing <Task(PythonOperator): send_replies> on 2020-01-20T02:30:00+00:00
[2020-01-20 14:26:23,728] {standard_task_runner.py:52} INFO - Started process 6191 to run task
[2020-01-20 14:26:23,767] {logging_mixin.py:112} INFO - [2020-01-20 14:26:23,766] {dagbag.py:403} INFO - Filling up the DagBag from /Users/aneeshmakala/Documents/ComputerScience/datascience/hapPy/airflow/dags/process_replies.py
[2020-01-20 14:26:23,785] {logging_mixin.py:112} INFO - Running %s on host %s <TaskInstance: process_replies.send_replies 2020-01-20T02:30:00+00:00 [running]> 1.0.0.0.0.0.0.0.0.0.0.0.0.0.0.0.0.0.0.0.0.0.0.0.0.0.0.0.0.0.0.0.ip6.arpa
[2020-01-20 14:26:23,798] {python_operator.py:105} INFO - Exporting the following env vars:
AIRFLOW_CTX_DAG_EMAIL=makalaaneesh18@mail.com
AIRFLOW_CTX_DAG_OWNER=me
AIRFLOW_CTX_DAG_ID=process_replies
AIRFLOW_CTX_TASK_ID=send_replies
AIRFLOW_CTX_EXECUTION_DATE=2020-01-20T02:30:00+00:00
AIRFLOW_CTX_DAG_RUN_ID=scheduled__2020-01-20T02:30:00+00:00
[2020-01-20 14:26:23,802] {logging_mixin.py:112} INFO - [2020-01-20 14:26:23,802] {base_hook.py:84} INFO - Using connection to: id: mongo_default. Host: 127.0.0.1, Port: 27017, Schema: None, Login: None, Password: None, extra: None
[2020-01-20 14:26:23,812] {logging_mixin.py:112} INFO - {'_id': '1218913948445134848', 'text': 'The way my life is playing out is something I didn’t imagine for myself but I’m going with it if leads to the legac… https://t.co/oUfIWxf2pw', 'reply': 'Sometimes, life will kick you around, but sooner or later, you realize you’re not just a survivor. You’re a warrior, and you’re stronger than anything life throws your way. - Brooke Davis #MentalHealth #MentalHealthAwareness'}
[2020-01-20 14:26:23,812] {logging_mixin.py:112} INFO - {'_id': '1218913918460088320', 'text': 'imagine your mom saying to go out and have a social life but you never wanna go out because everytime you go out yo… https://t.co/Q2W8l1x3sn', 'reply': 'Sometimes, life will kick you around, but sooner or later, you realize you’re not just a survivor. You’re a warrior, and you’re stronger than anything life throws your way. - Brooke Davis #MentalHealth #MentalHealthAwareness'}
[2020-01-20 14:26:23,812] {logging_mixin.py:112} INFO - {'_id': '1218913891251408896', 'text': 'Not only does it mean that you have positively impacted my life, but it also means that i want you to stay. I know… https://t.co/xdJzSGSSWk', 'reply': 'Sometimes, life will kick you around, but sooner or later, you realize you’re not just a survivor. You’re a warrior, and you’re stronger than anything life throws your way. - Brooke Davis #MentalHealth #MentalHealthAwareness'}
[2020-01-20 14:26:23,813] {logging_mixin.py:112} INFO - {'_id': '1218914087414964225', 'text': 'matty looks like he’s living his best life rn', 'reply': 'Sometimes, life will kick you around, but sooner or later, you realize you’re not just a survivor. You’re a warrior, and you’re stronger than anything life throws your way. - Brooke Davis #MentalHealth #MentalHealthAwareness'}
[2020-01-20 14:26:23,813] {logging_mixin.py:112} INFO - {'_id': '1218914034478653442', 'text': "I'll dry every river in your eyes\nI'll light up the darkness in your mind\nRemember, when life feels so unfair\nHold… https://t.co/tY1AUMzrNb", 'reply': 'Sometimes, life will kick you around, but sooner or later, you realize you’re not just a survivor. You’re a warrior, and you’re stronger than anything life throws your way. - Brooke Davis #MentalHealth #MentalHealthAwareness'}
[2020-01-20 14:26:23,813] {logging_mixin.py:112} INFO - [2020-01-20 14:26:23,813] {tweet_reply.py:39} INFO - Inserting replies in tweet_replies collection
[2020-01-20 14:26:23,815] {logging_mixin.py:112} INFO - [2020-01-20 14:26:23,815] {tweet_reply.py:24} INFO - deleting tweets from tweets collection
[2020-01-20 14:26:23,818] {logging_mixin.py:112} INFO - [2020-01-20 14:26:23,817] {tweet_reply.py:35} INFO - Succesfully deleted 5 docs
[2020-01-20 14:26:23,818] {python_operator.py:114} INFO - Done. Returned value was: None
[2020-01-20 14:26:33,703] {logging_mixin.py:112} INFO - [2020-01-20 14:26:33,703] {local_task_job.py:103} INFO - Task exited with return code 0
