[2020-01-20 14:24:25,337] {taskinstance.py:655} INFO - Dependencies all met for <TaskInstance: process_replies.send_replies 2020-01-20T02:10:00+00:00 [queued]>
[2020-01-20 14:24:25,343] {taskinstance.py:655} INFO - Dependencies all met for <TaskInstance: process_replies.send_replies 2020-01-20T02:10:00+00:00 [queued]>
[2020-01-20 14:24:25,343] {taskinstance.py:866} INFO - 
--------------------------------------------------------------------------------
[2020-01-20 14:24:25,343] {taskinstance.py:867} INFO - Starting attempt 1 of 1
[2020-01-20 14:24:25,343] {taskinstance.py:868} INFO - 
--------------------------------------------------------------------------------
[2020-01-20 14:24:25,349] {taskinstance.py:887} INFO - Executing <Task(PythonOperator): send_replies> on 2020-01-20T02:10:00+00:00
[2020-01-20 14:24:25,351] {standard_task_runner.py:52} INFO - Started process 6125 to run task
[2020-01-20 14:24:25,389] {logging_mixin.py:112} INFO - [2020-01-20 14:24:25,388] {dagbag.py:403} INFO - Filling up the DagBag from /Users/aneeshmakala/Documents/ComputerScience/datascience/hapPy/airflow/dags/process_replies.py
[2020-01-20 14:24:25,407] {logging_mixin.py:112} INFO - Running %s on host %s <TaskInstance: process_replies.send_replies 2020-01-20T02:10:00+00:00 [running]> 1.0.0.0.0.0.0.0.0.0.0.0.0.0.0.0.0.0.0.0.0.0.0.0.0.0.0.0.0.0.0.0.ip6.arpa
[2020-01-20 14:24:25,420] {python_operator.py:105} INFO - Exporting the following env vars:
AIRFLOW_CTX_DAG_EMAIL=makalaaneesh18@mail.com
AIRFLOW_CTX_DAG_OWNER=me
AIRFLOW_CTX_DAG_ID=process_replies
AIRFLOW_CTX_TASK_ID=send_replies
AIRFLOW_CTX_EXECUTION_DATE=2020-01-20T02:10:00+00:00
AIRFLOW_CTX_DAG_RUN_ID=scheduled__2020-01-20T02:10:00+00:00
[2020-01-20 14:24:25,424] {logging_mixin.py:112} INFO - [2020-01-20 14:24:25,424] {base_hook.py:84} INFO - Using connection to: id: mongo_default. Host: 127.0.0.1, Port: 27017, Schema: None, Login: None, Password: None, extra: None
[2020-01-20 14:24:25,431] {logging_mixin.py:112} INFO - {'_id': '1218913975456411649', 'text': 'Hey.. you reading this.\n\nI know life is hard (ﾟ´д`ﾟ)\\\n\nmy life is hard, too.. but I just wanted to say I’m proud of… https://t.co/Kha37QXgrs', 'reply': 'Sometimes, life will kick you around, but sooner or later, you realize you’re not just a survivor. You’re a warrior, and you’re stronger than anything life throws your way. - Brooke Davis #MentalHealth #MentalHealthAwareness'}
[2020-01-20 14:24:25,431] {logging_mixin.py:112} INFO - {'_id': '1218914084277624832', 'text': 'More life \nMore everything \nPositive vibes 🌺🌺🌺', 'reply': 'Sometimes, life will kick you around, but sooner or later, you realize you’re not just a survivor. You’re a warrior, and you’re stronger than anything life throws your way. - Brooke Davis #MentalHealth #MentalHealthAwareness'}
[2020-01-20 14:24:25,431] {logging_mixin.py:112} INFO - {'_id': '1218914118180229120', 'text': '@AdamMGrant More than two decades spend living within corporate life — not at all surprised at these results. It’s… https://t.co/IdgAT3pF8S', 'reply': 'Sometimes, life will kick you around, but sooner or later, you realize you’re not just a survivor. You’re a warrior, and you’re stronger than anything life throws your way. - Brooke Davis #MentalHealth #MentalHealthAwareness'}
[2020-01-20 14:24:25,432] {logging_mixin.py:112} INFO - {'_id': '1218914120902180864', 'text': '@BillMonty_ top 5 worst things in day to day life.  Just crushing', 'reply': 'Sometimes, life will kick you around, but sooner or later, you realize you’re not just a survivor. You’re a warrior, and you’re stronger than anything life throws your way. - Brooke Davis #MentalHealth #MentalHealthAwareness'}
[2020-01-20 14:24:25,432] {logging_mixin.py:112} INFO - {'_id': '1218913854157152256', 'text': '@LxnWolf I need this in my life', 'reply': 'Sometimes, life will kick you around, but sooner or later, you realize you’re not just a survivor. You’re a warrior, and you’re stronger than anything life throws your way. - Brooke Davis #MentalHealth #MentalHealthAwareness'}
[2020-01-20 14:24:25,432] {logging_mixin.py:112} INFO - [2020-01-20 14:24:25,432] {tweet_reply.py:39} INFO - Inserting replies in tweet_replies collection
[2020-01-20 14:24:25,434] {logging_mixin.py:112} INFO - [2020-01-20 14:24:25,434] {tweet_reply.py:24} INFO - deleting tweets from tweets collection
[2020-01-20 14:24:25,435] {logging_mixin.py:112} INFO - [2020-01-20 14:24:25,435] {tweet_reply.py:35} INFO - Succesfully deleted 5 docs
[2020-01-20 14:24:25,436] {python_operator.py:114} INFO - Done. Returned value was: None
[2020-01-20 14:24:35,338] {logging_mixin.py:112} INFO - [2020-01-20 14:24:35,337] {local_task_job.py:103} INFO - Task exited with return code 0
